{"/Users/girijeshthodupunuri/fec/fec-uranus/src/components/ItemsComponent/OutfitItems/OutfitItems.jsx": {"path":"/Users/girijeshthodupunuri/fec/fec-uranus/src/components/ItemsComponent/OutfitItems/OutfitItems.jsx","statementMap":{"0":{"start":{"line":9,"column":20},"end":{"line":170,"column":1}},"1":{"start":{"line":10,"column":46},"end":{"line":10,"column":57}},"2":{"start":{"line":11,"column":46},"end":{"line":11,"column":61}},"3":{"start":{"line":12,"column":36},"end":{"line":12,"column":48}},"4":{"start":{"line":13,"column":18},"end":{"line":13,"column":41}},"5":{"start":{"line":16,"column":2},"end":{"line":24,"column":9}},"6":{"start":{"line":17,"column":28},"end":{"line":17,"column":70}},"7":{"start":{"line":18,"column":4},"end":{"line":20,"column":5}},"8":{"start":{"line":19,"column":6},"end":{"line":19,"column":13}},"9":{"start":{"line":21,"column":4},"end":{"line":23,"column":5}},"10":{"start":{"line":22,"column":6},"end":{"line":22,"column":36}},"11":{"start":{"line":27,"column":2},"end":{"line":29,"column":18}},"12":{"start":{"line":28,"column":4},"end":{"line":28,"column":62}},"13":{"start":{"line":34,"column":24},"end":{"line":34,"column":36}},"14":{"start":{"line":36,"column":30},"end":{"line":38,"column":37}},"15":{"start":{"line":37,"column":4},"end":{"line":38,"column":37}},"16":{"start":{"line":40,"column":19},"end":{"line":45,"column":3}},"17":{"start":{"line":41,"column":4},"end":{"line":44,"column":7}},"18":{"start":{"line":48,"column":22},"end":{"line":61,"column":3}},"19":{"start":{"line":50,"column":4},"end":{"line":53,"column":5}},"20":{"start":{"line":51,"column":6},"end":{"line":51,"column":30}},"21":{"start":{"line":52,"column":6},"end":{"line":52,"column":13}},"22":{"start":{"line":54,"column":30},"end":{"line":54,"column":50}},"23":{"start":{"line":55,"column":4},"end":{"line":55,"column":41}},"24":{"start":{"line":58,"column":4},"end":{"line":60,"column":5}},"25":{"start":{"line":59,"column":6},"end":{"line":59,"column":34}},"26":{"start":{"line":63,"column":21},"end":{"line":69,"column":3}},"27":{"start":{"line":64,"column":30},"end":{"line":64,"column":50}},"28":{"start":{"line":65,"column":4},"end":{"line":65,"column":41}},"29":{"start":{"line":66,"column":4},"end":{"line":68,"column":5}},"30":{"start":{"line":67,"column":6},"end":{"line":67,"column":34}},"31":{"start":{"line":72,"column":2},"end":{"line":76,"column":34}},"32":{"start":{"line":73,"column":29},"end":{"line":73,"column":50}},"33":{"start":{"line":74,"column":4},"end":{"line":74,"column":40}},"34":{"start":{"line":75,"column":4},"end":{"line":75,"column":52}},"35":{"start":{"line":75,"column":31},"end":{"line":75,"column":52}},"36":{"start":{"line":79,"column":24},"end":{"line":95,"column":3}},"37":{"start":{"line":80,"column":20},"end":{"line":82,"column":6}},"38":{"start":{"line":81,"column":6},"end":{"line":81,"column":47}},"39":{"start":{"line":83,"column":4},"end":{"line":85,"column":5}},"40":{"start":{"line":84,"column":6},"end":{"line":84,"column":13}},"41":{"start":{"line":86,"column":4},"end":{"line":94,"column":7}},"42":{"start":{"line":86,"column":32},"end":{"line":94,"column":5}},"43":{"start":{"line":98,"column":30},"end":{"line":105,"column":3}},"44":{"start":{"line":99,"column":4},"end":{"line":104,"column":13}},"45":{"start":{"line":107,"column":22},"end":{"line":115,"column":6}},"46":{"start":{"line":108,"column":4},"end":{"line":115,"column":6}},"47":{"start":{"line":109,"column":6},"end":{"line":114,"column":8}},"48":{"start":{"line":117,"column":26},"end":{"line":126,"column":5}},"49":{"start":{"line":118,"column":4},"end":{"line":126,"column":5}},"50":{"start":{"line":128,"column":27},"end":{"line":138,"column":5}},"51":{"start":{"line":129,"column":4},"end":{"line":138,"column":5}},"52":{"start":{"line":141,"column":2},"end":{"line":152,"column":3}},"53":{"start":{"line":142,"column":4},"end":{"line":151,"column":6}},"54":{"start":{"line":153,"column":2},"end":{"line":169,"column":4}}},"fnMap":{"0":{"name":"(anonymous_0)","decl":{"start":{"line":9,"column":20},"end":{"line":9,"column":21}},"loc":{"start":{"line":9,"column":26},"end":{"line":170,"column":1}},"line":9},"1":{"name":"(anonymous_1)","decl":{"start":{"line":16,"column":12},"end":{"line":16,"column":13}},"loc":{"start":{"line":16,"column":18},"end":{"line":24,"column":3}},"line":16},"2":{"name":"(anonymous_2)","decl":{"start":{"line":27,"column":12},"end":{"line":27,"column":13}},"loc":{"start":{"line":27,"column":18},"end":{"line":29,"column":3}},"line":27},"3":{"name":"(anonymous_3)","decl":{"start":{"line":36,"column":30},"end":{"line":36,"column":31}},"loc":{"start":{"line":37,"column":4},"end":{"line":38,"column":37}},"line":37},"4":{"name":"(anonymous_4)","decl":{"start":{"line":40,"column":19},"end":{"line":40,"column":20}},"loc":{"start":{"line":40,"column":33},"end":{"line":45,"column":3}},"line":40},"5":{"name":"(anonymous_5)","decl":{"start":{"line":48,"column":22},"end":{"line":48,"column":23}},"loc":{"start":{"line":48,"column":28},"end":{"line":61,"column":3}},"line":48},"6":{"name":"(anonymous_6)","decl":{"start":{"line":63,"column":21},"end":{"line":63,"column":22}},"loc":{"start":{"line":63,"column":27},"end":{"line":69,"column":3}},"line":63},"7":{"name":"(anonymous_7)","decl":{"start":{"line":72,"column":12},"end":{"line":72,"column":13}},"loc":{"start":{"line":72,"column":18},"end":{"line":76,"column":3}},"line":72},"8":{"name":"(anonymous_8)","decl":{"start":{"line":79,"column":24},"end":{"line":79,"column":25}},"loc":{"start":{"line":79,"column":30},"end":{"line":95,"column":3}},"line":79},"9":{"name":"(anonymous_9)","decl":{"start":{"line":80,"column":35},"end":{"line":80,"column":36}},"loc":{"start":{"line":80,"column":48},"end":{"line":82,"column":5}},"line":80},"10":{"name":"(anonymous_10)","decl":{"start":{"line":86,"column":17},"end":{"line":86,"column":18}},"loc":{"start":{"line":86,"column":32},"end":{"line":94,"column":5}},"line":86},"11":{"name":"(anonymous_11)","decl":{"start":{"line":98,"column":30},"end":{"line":98,"column":31}},"loc":{"start":{"line":99,"column":4},"end":{"line":104,"column":13}},"line":99},"12":{"name":"(anonymous_12)","decl":{"start":{"line":107,"column":22},"end":{"line":107,"column":23}},"loc":{"start":{"line":108,"column":4},"end":{"line":115,"column":6}},"line":108},"13":{"name":"(anonymous_13)","decl":{"start":{"line":108,"column":18},"end":{"line":108,"column":19}},"loc":{"start":{"line":109,"column":6},"end":{"line":114,"column":8}},"line":109},"14":{"name":"(anonymous_14)","decl":{"start":{"line":117,"column":26},"end":{"line":117,"column":27}},"loc":{"start":{"line":118,"column":4},"end":{"line":126,"column":5}},"line":118},"15":{"name":"(anonymous_15)","decl":{"start":{"line":128,"column":27},"end":{"line":128,"column":28}},"loc":{"start":{"line":129,"column":4},"end":{"line":138,"column":5}},"line":129}},"branchMap":{"0":{"loc":{"start":{"line":18,"column":4},"end":{"line":20,"column":5}},"type":"if","locations":[{"start":{"line":18,"column":4},"end":{"line":20,"column":5}},{"start":{},"end":{}}],"line":18},"1":{"loc":{"start":{"line":21,"column":4},"end":{"line":23,"column":5}},"type":"if","locations":[{"start":{"line":21,"column":4},"end":{"line":23,"column":5}},{"start":{},"end":{}}],"line":21},"2":{"loc":{"start":{"line":50,"column":4},"end":{"line":53,"column":5}},"type":"if","locations":[{"start":{"line":50,"column":4},"end":{"line":53,"column":5}},{"start":{},"end":{}}],"line":50},"3":{"loc":{"start":{"line":58,"column":4},"end":{"line":60,"column":5}},"type":"if","locations":[{"start":{"line":58,"column":4},"end":{"line":60,"column":5}},{"start":{},"end":{}}],"line":58},"4":{"loc":{"start":{"line":66,"column":4},"end":{"line":68,"column":5}},"type":"if","locations":[{"start":{"line":66,"column":4},"end":{"line":68,"column":5}},{"start":{},"end":{}}],"line":66},"5":{"loc":{"start":{"line":75,"column":4},"end":{"line":75,"column":52}},"type":"if","locations":[{"start":{"line":75,"column":4},"end":{"line":75,"column":52}},{"start":{},"end":{}}],"line":75},"6":{"loc":{"start":{"line":83,"column":4},"end":{"line":85,"column":5}},"type":"if","locations":[{"start":{"line":83,"column":4},"end":{"line":85,"column":5}},{"start":{},"end":{}}],"line":83},"7":{"loc":{"start":{"line":118,"column":4},"end":{"line":126,"column":5}},"type":"binary-expr","locations":[{"start":{"line":118,"column":4},"end":{"line":118,"column":22}},{"start":{"line":119,"column":6},"end":{"line":125,"column":15}}],"line":118},"8":{"loc":{"start":{"line":129,"column":4},"end":{"line":138,"column":5}},"type":"binary-expr","locations":[{"start":{"line":129,"column":4},"end":{"line":129,"column":19}},{"start":{"line":130,"column":4},"end":{"line":130,"column":24}},{"start":{"line":131,"column":6},"end":{"line":137,"column":15}}],"line":129},"9":{"loc":{"start":{"line":141,"column":2},"end":{"line":152,"column":3}},"type":"if","locations":[{"start":{"line":141,"column":2},"end":{"line":152,"column":3}},{"start":{},"end":{}}],"line":141},"10":{"loc":{"start":{"line":158,"column":10},"end":{"line":158,"column":63}},"type":"cond-expr","locations":[{"start":{"line":158,"column":52},"end":{"line":158,"column":58}},{"start":{"line":158,"column":61},"end":{"line":158,"column":63}}],"line":158},"11":{"loc":{"start":{"line":158,"column":10},"end":{"line":158,"column":49}},"type":"binary-expr","locations":[{"start":{"line":158,"column":10},"end":{"line":158,"column":30}},{"start":{"line":158,"column":34},"end":{"line":158,"column":49}}],"line":158}},"s":{"0":1,"1":18,"2":18,"3":18,"4":18,"5":18,"6":5,"7":5,"8":1,"9":4,"10":4,"11":18,"12":11,"13":18,"14":18,"15":11,"16":18,"17":0,"18":18,"19":0,"20":0,"21":0,"22":0,"23":0,"24":0,"25":0,"26":18,"27":0,"28":0,"29":0,"30":0,"31":18,"32":11,"33":11,"34":11,"35":9,"36":18,"37":1,"38":0,"39":1,"40":0,"41":1,"42":1,"43":18,"44":18,"45":18,"46":10,"47":26,"48":18,"49":10,"50":18,"51":10,"52":18,"53":8,"54":10},"f":{"0":18,"1":5,"2":11,"3":11,"4":0,"5":0,"6":0,"7":11,"8":1,"9":0,"10":1,"11":18,"12":10,"13":26,"14":10,"15":10},"b":{"0":[1,4],"1":[4,0],"2":[0,0],"3":[0,0],"4":[0,0],"5":[9,2],"6":[0,1],"7":[10,0],"8":[10,0,0],"9":[8,10],"10":[0,10],"11":[10,4]},"_coverageSchema":"1a1c01bbd47fc00a2c39e90264f33305004495a9","hash":"66200eb64f5dc174e2cc733fe19ebe5ea530f16c"}
,"/Users/girijeshthodupunuri/fec/fec-uranus/src/components/ItemsComponent/OutfitItems/Card/Card.jsx": {"path":"/Users/girijeshthodupunuri/fec/fec-uranus/src/components/ItemsComponent/OutfitItems/Card/Card.jsx","statementMap":{"0":{"start":{"line":10,"column":42},"end":{"line":10,"column":53}},"1":{"start":{"line":11,"column":18},"end":{"line":11,"column":41}},"2":{"start":{"line":14,"column":2},"end":{"line":16,"column":3}},"3":{"start":{"line":15,"column":4},"end":{"line":15,"column":57}},"4":{"start":{"line":18,"column":23},"end":{"line":18,"column":29}},"5":{"start":{"line":20,"column":19},"end":{"line":20,"column":55}},"6":{"start":{"line":22,"column":2},"end":{"line":24,"column":3}},"7":{"start":{"line":23,"column":4},"end":{"line":23,"column":16}},"8":{"start":{"line":27,"column":27},"end":{"line":30,"column":3}},"9":{"start":{"line":28,"column":25},"end":{"line":28,"column":67}},"10":{"start":{"line":28,"column":52},"end":{"line":28,"column":66}},"11":{"start":{"line":29,"column":4},"end":{"line":29,"column":31}},"12":{"start":{"line":33,"column":20},"end":{"line":48,"column":3}},"13":{"start":{"line":51,"column":2},"end":{"line":126,"column":4}}},"fnMap":{"0":{"name":"Card","decl":{"start":{"line":9,"column":9},"end":{"line":9,"column":13}},"loc":{"start":{"line":9,"column":56},"end":{"line":127,"column":1}},"line":9},"1":{"name":"(anonymous_1)","decl":{"start":{"line":27,"column":27},"end":{"line":27,"column":28}},"loc":{"start":{"line":27,"column":33},"end":{"line":30,"column":3}},"line":27},"2":{"name":"(anonymous_2)","decl":{"start":{"line":28,"column":42},"end":{"line":28,"column":43}},"loc":{"start":{"line":28,"column":52},"end":{"line":28,"column":66}},"line":28}},"branchMap":{"0":{"loc":{"start":{"line":14,"column":2},"end":{"line":16,"column":3}},"type":"if","locations":[{"start":{"line":14,"column":2},"end":{"line":16,"column":3}},{"start":{},"end":{}}],"line":14},"1":{"loc":{"start":{"line":22,"column":2},"end":{"line":24,"column":3}},"type":"if","locations":[{"start":{"line":22,"column":2},"end":{"line":24,"column":3}},{"start":{},"end":{}}],"line":22},"2":{"loc":{"start":{"line":57,"column":7},"end":{"line":81,"column":7}},"type":"binary-expr","locations":[{"start":{"line":57,"column":7},"end":{"line":57,"column":16}},{"start":{"line":58,"column":8},"end":{"line":80,"column":14}}],"line":57},"3":{"loc":{"start":{"line":83,"column":7},"end":{"line":102,"column":7}},"type":"binary-expr","locations":[{"start":{"line":83,"column":7},"end":{"line":83,"column":15}},{"start":{"line":84,"column":8},"end":{"line":101,"column":14}}],"line":83},"4":{"loc":{"start":{"line":107,"column":9},"end":{"line":109,"column":9}},"type":"binary-expr","locations":[{"start":{"line":107,"column":9},"end":{"line":107,"column":33}},{"start":{"line":108,"column":10},"end":{"line":108,"column":87}}],"line":107},"5":{"loc":{"start":{"line":111,"column":9},"end":{"line":120,"column":9}},"type":"binary-expr","locations":[{"start":{"line":111,"column":9},"end":{"line":111,"column":32}},{"start":{"line":112,"column":10},"end":{"line":119,"column":16}}],"line":111}},"s":{"0":13,"1":13,"2":13,"3":0,"4":13,"5":13,"6":13,"7":0,"8":13,"9":1,"10":1,"11":1,"12":13,"13":13},"f":{"0":13,"1":1,"2":1},"b":{"0":[0,13],"1":[0,13],"2":[13,0],"3":[13,13],"4":[13,13],"5":[13,0]},"_coverageSchema":"1a1c01bbd47fc00a2c39e90264f33305004495a9","hash":"42942638cbfba06803bcf896e8d9b061e0b0c22e"}
,"/Users/girijeshthodupunuri/fec/fec-uranus/src/components/ItemsComponent/RecommendedItems/RecommendedItems.jsx": {"path":"/Users/girijeshthodupunuri/fec/fec-uranus/src/components/ItemsComponent/RecommendedItems/RecommendedItems.jsx","statementMap":{"0":{"start":{"line":11,"column":25},"end":{"line":173,"column":1}},"1":{"start":{"line":12,"column":42},"end":{"line":12,"column":56}},"2":{"start":{"line":13,"column":46},"end":{"line":13,"column":57}},"3":{"start":{"line":14,"column":46},"end":{"line":14,"column":61}},"4":{"start":{"line":15,"column":40},"end":{"line":15,"column":52}},"5":{"start":{"line":16,"column":40},"end":{"line":16,"column":55}},"6":{"start":{"line":17,"column":18},"end":{"line":17,"column":41}},"7":{"start":{"line":19,"column":2},"end":{"line":19,"column":27}},"8":{"start":{"line":24,"column":2},"end":{"line":27,"column":20}},"9":{"start":{"line":25,"column":27},"end":{"line":25,"column":69}},"10":{"start":{"line":25,"column":55},"end":{"line":25,"column":68}},"11":{"start":{"line":26,"column":4},"end":{"line":26,"column":35}},"12":{"start":{"line":32,"column":18},"end":{"line":32,"column":30}},"13":{"start":{"line":34,"column":30},"end":{"line":36,"column":31}},"14":{"start":{"line":35,"column":4},"end":{"line":36,"column":31}},"15":{"start":{"line":38,"column":19},"end":{"line":43,"column":3}},"16":{"start":{"line":39,"column":4},"end":{"line":42,"column":7}},"17":{"start":{"line":46,"column":22},"end":{"line":58,"column":3}},"18":{"start":{"line":47,"column":4},"end":{"line":49,"column":5}},"19":{"start":{"line":48,"column":6},"end":{"line":48,"column":30}},"20":{"start":{"line":51,"column":30},"end":{"line":51,"column":50}},"21":{"start":{"line":52,"column":4},"end":{"line":52,"column":41}},"22":{"start":{"line":55,"column":4},"end":{"line":57,"column":5}},"23":{"start":{"line":56,"column":6},"end":{"line":56,"column":34}},"24":{"start":{"line":60,"column":21},"end":{"line":67,"column":3}},"25":{"start":{"line":61,"column":4},"end":{"line":61,"column":29}},"26":{"start":{"line":62,"column":30},"end":{"line":62,"column":50}},"27":{"start":{"line":63,"column":4},"end":{"line":63,"column":41}},"28":{"start":{"line":64,"column":4},"end":{"line":66,"column":5}},"29":{"start":{"line":65,"column":6},"end":{"line":65,"column":34}},"30":{"start":{"line":69,"column":2},"end":{"line":71,"column":25}},"31":{"start":{"line":70,"column":4},"end":{"line":70,"column":25}},"32":{"start":{"line":74,"column":2},"end":{"line":84,"column":25}},"33":{"start":{"line":76,"column":4},"end":{"line":76,"column":26}},"34":{"start":{"line":77,"column":4},"end":{"line":83,"column":9}},"35":{"start":{"line":79,"column":8},"end":{"line":79,"column":30}},"36":{"start":{"line":82,"column":8},"end":{"line":82,"column":52}},"37":{"start":{"line":87,"column":2},"end":{"line":93,"column":3}},"38":{"start":{"line":88,"column":4},"end":{"line":92,"column":6}},"39":{"start":{"line":95,"column":2},"end":{"line":101,"column":3}},"40":{"start":{"line":96,"column":4},"end":{"line":100,"column":6}},"41":{"start":{"line":104,"column":16},"end":{"line":112,"column":4}},"42":{"start":{"line":105,"column":4},"end":{"line":111,"column":6}},"43":{"start":{"line":114,"column":2},"end":{"line":130,"column":3}},"44":{"start":{"line":115,"column":4},"end":{"line":117,"column":5}},"45":{"start":{"line":116,"column":6},"end":{"line":116,"column":13}},"46":{"start":{"line":118,"column":21},"end":{"line":118,"column":22}},"47":{"start":{"line":119,"column":4},"end":{"line":129,"column":5}},"48":{"start":{"line":120,"column":6},"end":{"line":127,"column":8}},"49":{"start":{"line":128,"column":6},"end":{"line":128,"column":19}},"50":{"start":{"line":133,"column":26},"end":{"line":142,"column":5}},"51":{"start":{"line":134,"column":4},"end":{"line":142,"column":5}},"52":{"start":{"line":144,"column":27},"end":{"line":154,"column":5}},"53":{"start":{"line":145,"column":4},"end":{"line":154,"column":5}},"54":{"start":{"line":157,"column":2},"end":{"line":172,"column":4}}},"fnMap":{"0":{"name":"(anonymous_0)","decl":{"start":{"line":11,"column":25},"end":{"line":11,"column":26}},"loc":{"start":{"line":11,"column":67},"end":{"line":173,"column":1}},"line":11},"1":{"name":"(anonymous_1)","decl":{"start":{"line":24,"column":12},"end":{"line":24,"column":13}},"loc":{"start":{"line":24,"column":18},"end":{"line":27,"column":3}},"line":24},"2":{"name":"(anonymous_2)","decl":{"start":{"line":25,"column":45},"end":{"line":25,"column":46}},"loc":{"start":{"line":25,"column":55},"end":{"line":25,"column":68}},"line":25},"3":{"name":"(anonymous_3)","decl":{"start":{"line":34,"column":30},"end":{"line":34,"column":31}},"loc":{"start":{"line":35,"column":4},"end":{"line":36,"column":31}},"line":35},"4":{"name":"(anonymous_4)","decl":{"start":{"line":38,"column":19},"end":{"line":38,"column":20}},"loc":{"start":{"line":38,"column":33},"end":{"line":43,"column":3}},"line":38},"5":{"name":"(anonymous_5)","decl":{"start":{"line":46,"column":22},"end":{"line":46,"column":23}},"loc":{"start":{"line":46,"column":28},"end":{"line":58,"column":3}},"line":46},"6":{"name":"(anonymous_6)","decl":{"start":{"line":60,"column":21},"end":{"line":60,"column":22}},"loc":{"start":{"line":60,"column":27},"end":{"line":67,"column":3}},"line":60},"7":{"name":"(anonymous_7)","decl":{"start":{"line":69,"column":12},"end":{"line":69,"column":13}},"loc":{"start":{"line":69,"column":18},"end":{"line":71,"column":3}},"line":69},"8":{"name":"(anonymous_8)","decl":{"start":{"line":74,"column":12},"end":{"line":74,"column":13}},"loc":{"start":{"line":74,"column":18},"end":{"line":84,"column":3}},"line":74},"9":{"name":"(anonymous_9)","decl":{"start":{"line":78,"column":12},"end":{"line":78,"column":13}},"loc":{"start":{"line":78,"column":22},"end":{"line":80,"column":7}},"line":78},"10":{"name":"(anonymous_10)","decl":{"start":{"line":81,"column":13},"end":{"line":81,"column":14}},"loc":{"start":{"line":81,"column":22},"end":{"line":83,"column":7}},"line":81},"11":{"name":"(anonymous_11)","decl":{"start":{"line":104,"column":33},"end":{"line":104,"column":34}},"loc":{"start":{"line":105,"column":4},"end":{"line":111,"column":6}},"line":105},"12":{"name":"(anonymous_12)","decl":{"start":{"line":133,"column":26},"end":{"line":133,"column":27}},"loc":{"start":{"line":134,"column":4},"end":{"line":142,"column":5}},"line":134},"13":{"name":"(anonymous_13)","decl":{"start":{"line":144,"column":27},"end":{"line":144,"column":28}},"loc":{"start":{"line":145,"column":4},"end":{"line":154,"column":5}},"line":145}},"branchMap":{"0":{"loc":{"start":{"line":47,"column":4},"end":{"line":49,"column":5}},"type":"if","locations":[{"start":{"line":47,"column":4},"end":{"line":49,"column":5}},{"start":{},"end":{}}],"line":47},"1":{"loc":{"start":{"line":55,"column":4},"end":{"line":57,"column":5}},"type":"if","locations":[{"start":{"line":55,"column":4},"end":{"line":57,"column":5}},{"start":{},"end":{}}],"line":55},"2":{"loc":{"start":{"line":64,"column":4},"end":{"line":66,"column":5}},"type":"if","locations":[{"start":{"line":64,"column":4},"end":{"line":66,"column":5}},{"start":{},"end":{}}],"line":64},"3":{"loc":{"start":{"line":87,"column":2},"end":{"line":93,"column":3}},"type":"if","locations":[{"start":{"line":87,"column":2},"end":{"line":93,"column":3}},{"start":{},"end":{}}],"line":87},"4":{"loc":{"start":{"line":95,"column":2},"end":{"line":101,"column":3}},"type":"if","locations":[{"start":{"line":95,"column":2},"end":{"line":101,"column":3}},{"start":{},"end":{}}],"line":95},"5":{"loc":{"start":{"line":95,"column":6},"end":{"line":95,"column":51}},"type":"binary-expr","locations":[{"start":{"line":95,"column":6},"end":{"line":95,"column":19}},{"start":{"line":95,"column":23},"end":{"line":95,"column":51}}],"line":95},"6":{"loc":{"start":{"line":114,"column":2},"end":{"line":130,"column":3}},"type":"if","locations":[{"start":{"line":114,"column":2},"end":{"line":130,"column":3}},{"start":{},"end":{}}],"line":114},"7":{"loc":{"start":{"line":114,"column":6},"end":{"line":114,"column":44}},"type":"binary-expr","locations":[{"start":{"line":114,"column":6},"end":{"line":114,"column":22}},{"start":{"line":114,"column":26},"end":{"line":114,"column":44}}],"line":114},"8":{"loc":{"start":{"line":115,"column":4},"end":{"line":117,"column":5}},"type":"if","locations":[{"start":{"line":115,"column":4},"end":{"line":117,"column":5}},{"start":{},"end":{}}],"line":115},"9":{"loc":{"start":{"line":134,"column":4},"end":{"line":142,"column":5}},"type":"binary-expr","locations":[{"start":{"line":134,"column":4},"end":{"line":134,"column":22}},{"start":{"line":135,"column":6},"end":{"line":141,"column":15}}],"line":134},"10":{"loc":{"start":{"line":145,"column":4},"end":{"line":154,"column":5}},"type":"binary-expr","locations":[{"start":{"line":145,"column":4},"end":{"line":145,"column":19}},{"start":{"line":146,"column":4},"end":{"line":146,"column":20}},{"start":{"line":147,"column":6},"end":{"line":153,"column":15}}],"line":145},"11":{"loc":{"start":{"line":162,"column":10},"end":{"line":162,"column":66}},"type":"cond-expr","locations":[{"start":{"line":162,"column":55},"end":{"line":162,"column":61}},{"start":{"line":162,"column":64},"end":{"line":162,"column":66}}],"line":162},"12":{"loc":{"start":{"line":162,"column":10},"end":{"line":162,"column":52}},"type":"binary-expr","locations":[{"start":{"line":162,"column":10},"end":{"line":162,"column":33}},{"start":{"line":162,"column":37},"end":{"line":162,"column":52}}],"line":162}},"s":{"0":1,"1":0,"2":0,"3":0,"4":0,"5":0,"6":0,"7":0,"8":0,"9":0,"10":0,"11":0,"12":0,"13":0,"14":0,"15":0,"16":0,"17":0,"18":0,"19":0,"20":0,"21":0,"22":0,"23":0,"24":0,"25":0,"26":0,"27":0,"28":0,"29":0,"30":0,"31":0,"32":0,"33":0,"34":0,"35":0,"36":0,"37":0,"38":0,"39":0,"40":0,"41":0,"42":0,"43":0,"44":0,"45":0,"46":0,"47":0,"48":0,"49":0,"50":0,"51":0,"52":0,"53":0,"54":0},"f":{"0":0,"1":0,"2":0,"3":0,"4":0,"5":0,"6":0,"7":0,"8":0,"9":0,"10":0,"11":0,"12":0,"13":0},"b":{"0":[0,0],"1":[0,0],"2":[0,0],"3":[0,0],"4":[0,0],"5":[0,0],"6":[0,0],"7":[0,0],"8":[0,0],"9":[0,0],"10":[0,0,0],"11":[0,0],"12":[0,0]},"_coverageSchema":"1a1c01bbd47fc00a2c39e90264f33305004495a9","hash":"a95e60b317713e03a5facc1bcde81ca4819ee1b7"}
,"/Users/girijeshthodupunuri/fec/fec-uranus/src/components/ItemsComponent/RecommendedItems/Card/Card.jsx": {"path":"/Users/girijeshthodupunuri/fec/fec-uranus/src/components/ItemsComponent/RecommendedItems/Card/Card.jsx","statementMap":{"0":{"start":{"line":16,"column":38},"end":{"line":16,"column":52}},"1":{"start":{"line":17,"column":30},"end":{"line":17,"column":44}},"2":{"start":{"line":18,"column":46},"end":{"line":18,"column":60}},"3":{"start":{"line":19,"column":46},"end":{"line":19,"column":60}},"4":{"start":{"line":20,"column":36},"end":{"line":20,"column":47}},"5":{"start":{"line":22,"column":18},"end":{"line":22,"column":41}},"6":{"start":{"line":24,"column":2},"end":{"line":28,"column":9}},"7":{"start":{"line":25,"column":4},"end":{"line":27,"column":7}},"8":{"start":{"line":26,"column":6},"end":{"line":26,"column":26}},"9":{"start":{"line":30,"column":2},"end":{"line":39,"column":9}},"10":{"start":{"line":31,"column":4},"end":{"line":38,"column":9}},"11":{"start":{"line":33,"column":8},"end":{"line":33,"column":32}},"12":{"start":{"line":34,"column":8},"end":{"line":34,"column":32}},"13":{"start":{"line":37,"column":8},"end":{"line":37,"column":75}},"14":{"start":{"line":41,"column":2},"end":{"line":59,"column":9}},"15":{"start":{"line":42,"column":4},"end":{"line":58,"column":7}},"16":{"start":{"line":43,"column":23},"end":{"line":43,"column":24}},"17":{"start":{"line":44,"column":24},"end":{"line":44,"column":25}},"18":{"start":{"line":45,"column":6},"end":{"line":45,"column":30}},"19":{"start":{"line":47,"column":6},"end":{"line":53,"column":9}},"20":{"start":{"line":48,"column":8},"end":{"line":48,"column":39}},"21":{"start":{"line":49,"column":8},"end":{"line":49,"column":35}},"22":{"start":{"line":50,"column":25},"end":{"line":50,"column":36}},"23":{"start":{"line":51,"column":8},"end":{"line":51,"column":28}},"24":{"start":{"line":52,"column":8},"end":{"line":52,"column":32}},"25":{"start":{"line":55,"column":24},"end":{"line":55,"column":61}},"26":{"start":{"line":57,"column":6},"end":{"line":57,"column":30}},"27":{"start":{"line":62,"column":2},"end":{"line":64,"column":3}},"28":{"start":{"line":63,"column":4},"end":{"line":63,"column":62}},"29":{"start":{"line":66,"column":18},"end":{"line":66,"column":20}},"30":{"start":{"line":67,"column":2},"end":{"line":71,"column":3}},"31":{"start":{"line":68,"column":4},"end":{"line":68,"column":26}},"32":{"start":{"line":70,"column":4},"end":{"line":70,"column":26}},"33":{"start":{"line":73,"column":19},"end":{"line":73,"column":52}},"34":{"start":{"line":75,"column":2},"end":{"line":77,"column":3}},"35":{"start":{"line":76,"column":4},"end":{"line":76,"column":16}},"36":{"start":{"line":80,"column":23},"end":{"line":87,"column":3}},"37":{"start":{"line":81,"column":4},"end":{"line":81,"column":36}},"38":{"start":{"line":82,"column":4},"end":{"line":82,"column":42}},"39":{"start":{"line":83,"column":4},"end":{"line":83,"column":46}},"40":{"start":{"line":84,"column":4},"end":{"line":84,"column":40}},"41":{"start":{"line":85,"column":4},"end":{"line":85,"column":39}},"42":{"start":{"line":86,"column":4},"end":{"line":86,"column":24}},"43":{"start":{"line":89,"column":31},"end":{"line":93,"column":3}},"44":{"start":{"line":90,"column":4},"end":{"line":90,"column":24}},"45":{"start":{"line":91,"column":4},"end":{"line":91,"column":35}},"46":{"start":{"line":92,"column":4},"end":{"line":92,"column":23}},"47":{"start":{"line":96,"column":20},"end":{"line":109,"column":3}},"48":{"start":{"line":112,"column":2},"end":{"line":178,"column":4}}},"fnMap":{"0":{"name":"Card","decl":{"start":{"line":15,"column":9},"end":{"line":15,"column":13}},"loc":{"start":{"line":15,"column":74},"end":{"line":179,"column":1}},"line":15},"1":{"name":"(anonymous_1)","decl":{"start":{"line":24,"column":12},"end":{"line":24,"column":13}},"loc":{"start":{"line":24,"column":18},"end":{"line":28,"column":3}},"line":24},"2":{"name":"(anonymous_2)","decl":{"start":{"line":25,"column":35},"end":{"line":25,"column":36}},"loc":{"start":{"line":25,"column":45},"end":{"line":27,"column":5}},"line":25},"3":{"name":"(anonymous_3)","decl":{"start":{"line":30,"column":12},"end":{"line":30,"column":13}},"loc":{"start":{"line":30,"column":18},"end":{"line":39,"column":3}},"line":30},"4":{"name":"(anonymous_4)","decl":{"start":{"line":32,"column":12},"end":{"line":32,"column":13}},"loc":{"start":{"line":32,"column":22},"end":{"line":35,"column":7}},"line":32},"5":{"name":"(anonymous_5)","decl":{"start":{"line":36,"column":13},"end":{"line":36,"column":14}},"loc":{"start":{"line":36,"column":22},"end":{"line":38,"column":7}},"line":36},"6":{"name":"(anonymous_6)","decl":{"start":{"line":41,"column":12},"end":{"line":41,"column":13}},"loc":{"start":{"line":41,"column":18},"end":{"line":59,"column":3}},"line":41},"7":{"name":"(anonymous_7)","decl":{"start":{"line":42,"column":38},"end":{"line":42,"column":39}},"loc":{"start":{"line":42,"column":48},"end":{"line":58,"column":5}},"line":42},"8":{"name":"(anonymous_8)","decl":{"start":{"line":47,"column":25},"end":{"line":47,"column":26}},"loc":{"start":{"line":47,"column":41},"end":{"line":53,"column":7}},"line":47},"9":{"name":"(anonymous_9)","decl":{"start":{"line":80,"column":23},"end":{"line":80,"column":24}},"loc":{"start":{"line":80,"column":29},"end":{"line":87,"column":3}},"line":80},"10":{"name":"(anonymous_10)","decl":{"start":{"line":89,"column":31},"end":{"line":89,"column":32}},"loc":{"start":{"line":89,"column":38},"end":{"line":93,"column":3}},"line":89}},"branchMap":{"0":{"loc":{"start":{"line":62,"column":2},"end":{"line":64,"column":3}},"type":"if","locations":[{"start":{"line":62,"column":2},"end":{"line":64,"column":3}},{"start":{},"end":{}}],"line":62},"1":{"loc":{"start":{"line":67,"column":2},"end":{"line":71,"column":3}},"type":"if","locations":[{"start":{"line":67,"column":2},"end":{"line":71,"column":3}},{"start":{"line":69,"column":9},"end":{"line":71,"column":3}}],"line":67},"2":{"loc":{"start":{"line":75,"column":2},"end":{"line":77,"column":3}},"type":"if","locations":[{"start":{"line":75,"column":2},"end":{"line":77,"column":3}},{"start":{},"end":{}}],"line":75},"3":{"loc":{"start":{"line":115,"column":7},"end":{"line":134,"column":7}},"type":"binary-expr","locations":[{"start":{"line":115,"column":7},"end":{"line":115,"column":16}},{"start":{"line":116,"column":8},"end":{"line":133,"column":14}}],"line":115},"4":{"loc":{"start":{"line":136,"column":7},"end":{"line":150,"column":7}},"type":"binary-expr","locations":[{"start":{"line":136,"column":7},"end":{"line":136,"column":15}},{"start":{"line":137,"column":8},"end":{"line":149,"column":14}}],"line":136},"5":{"loc":{"start":{"line":155,"column":9},"end":{"line":157,"column":9}},"type":"binary-expr","locations":[{"start":{"line":155,"column":9},"end":{"line":155,"column":30}},{"start":{"line":156,"column":10},"end":{"line":156,"column":84}}],"line":155},"6":{"loc":{"start":{"line":159,"column":9},"end":{"line":168,"column":9}},"type":"binary-expr","locations":[{"start":{"line":159,"column":9},"end":{"line":159,"column":29}},{"start":{"line":160,"column":10},"end":{"line":167,"column":16}}],"line":159}},"s":{"0":2,"1":2,"2":2,"3":2,"4":2,"5":2,"6":2,"7":1,"8":1,"9":2,"10":1,"11":1,"12":1,"13":0,"14":2,"15":1,"16":1,"17":1,"18":1,"19":1,"20":5,"21":5,"22":5,"23":5,"24":5,"25":1,"26":1,"27":2,"28":1,"29":1,"30":1,"31":1,"32":0,"33":1,"34":1,"35":0,"36":1,"37":0,"38":0,"39":0,"40":0,"41":0,"42":0,"43":1,"44":0,"45":0,"46":0,"47":1,"48":1},"f":{"0":2,"1":1,"2":1,"3":1,"4":1,"5":0,"6":1,"7":1,"8":5,"9":0,"10":0},"b":{"0":[1,1],"1":[1,0],"2":[0,1],"3":[1,0],"4":[1,1],"5":[1,1],"6":[1,0]},"_coverageSchema":"1a1c01bbd47fc00a2c39e90264f33305004495a9","hash":"ee03b0e7f7a94787cf6bb72254c2c117196da517"}
,"/Users/girijeshthodupunuri/fec/fec-uranus/src/components/Overview/ImageGallery/ImageGallery.jsx": {"path":"/Users/girijeshthodupunuri/fec/fec-uranus/src/components/Overview/ImageGallery/ImageGallery.jsx","statementMap":{"0":{"start":{"line":9,"column":24},"end":{"line":13,"column":8}},"1":{"start":{"line":10,"column":20},"end":{"line":10,"column":29}},"2":{"start":{"line":11,"column":21},"end":{"line":11,"column":24}},"3":{"start":{"line":12,"column":8},"end":{"line":12,"column":19}},"4":{"start":{"line":15,"column":21},"end":{"line":156,"column":1}},"5":{"start":{"line":16,"column":48},"end":{"line":16,"column":62}},"6":{"start":{"line":17,"column":44},"end":{"line":17,"column":58}},"7":{"start":{"line":18,"column":38},"end":{"line":18,"column":52}},"8":{"start":{"line":19,"column":29},"end":{"line":19,"column":41}},"9":{"start":{"line":20,"column":29},"end":{"line":20,"column":39}},"10":{"start":{"line":21,"column":44},"end":{"line":21,"column":58}},"11":{"start":{"line":22,"column":36},"end":{"line":22,"column":47}},"12":{"start":{"line":26,"column":2},"end":{"line":43,"column":32}},"13":{"start":{"line":27,"column":4},"end":{"line":42,"column":5}},"14":{"start":{"line":29,"column":22},"end":{"line":31,"column":8}},"15":{"start":{"line":30,"column":8},"end":{"line":30,"column":29}},"16":{"start":{"line":32,"column":6},"end":{"line":32,"column":32}},"17":{"start":{"line":33,"column":20},"end":{"line":33,"column":58}},"18":{"start":{"line":34,"column":23},"end":{"line":34,"column":48}},"19":{"start":{"line":35,"column":19},"end":{"line":37,"column":8}},"20":{"start":{"line":36,"column":8},"end":{"line":36,"column":24}},"21":{"start":{"line":38,"column":6},"end":{"line":38,"column":31}},"22":{"start":{"line":39,"column":6},"end":{"line":39,"column":32}},"23":{"start":{"line":40,"column":6},"end":{"line":40,"column":29}},"24":{"start":{"line":41,"column":6},"end":{"line":41,"column":22}},"25":{"start":{"line":48,"column":34},"end":{"line":53,"column":3}},"26":{"start":{"line":49,"column":4},"end":{"line":49,"column":28}},"27":{"start":{"line":50,"column":4},"end":{"line":50,"column":25}},"28":{"start":{"line":51,"column":26},"end":{"line":51,"column":56}},"29":{"start":{"line":52,"column":4},"end":{"line":52,"column":31}},"30":{"start":{"line":56,"column":27},"end":{"line":62,"column":3}},"31":{"start":{"line":57,"column":28},"end":{"line":57,"column":69}},"32":{"start":{"line":58,"column":4},"end":{"line":61,"column":6}},"33":{"start":{"line":64,"column":29},"end":{"line":71,"column":3}},"34":{"start":{"line":65,"column":29},"end":{"line":65,"column":70}},"35":{"start":{"line":67,"column":4},"end":{"line":70,"column":6}},"36":{"start":{"line":72,"column":29},"end":{"line":94,"column":3}},"37":{"start":{"line":73,"column":4},"end":{"line":93,"column":5}},"38":{"start":{"line":74,"column":20},"end":{"line":74,"column":31}},"39":{"start":{"line":75,"column":24},"end":{"line":75,"column":46}},"40":{"start":{"line":76,"column":22},"end":{"line":76,"column":55}},"41":{"start":{"line":77,"column":24},"end":{"line":77,"column":50}},"42":{"start":{"line":78,"column":6},"end":{"line":89,"column":7}},"43":{"start":{"line":79,"column":35},"end":{"line":79,"column":52}},"44":{"start":{"line":80,"column":42},"end":{"line":80,"column":78}},"45":{"start":{"line":81,"column":29},"end":{"line":81,"column":75}},"46":{"start":{"line":82,"column":8},"end":{"line":84,"column":9}},"47":{"start":{"line":83,"column":10},"end":{"line":83,"column":29}},"48":{"start":{"line":85,"column":8},"end":{"line":88,"column":10}},"49":{"start":{"line":90,"column":6},"end":{"line":90,"column":34}},"50":{"start":{"line":91,"column":6},"end":{"line":91,"column":31}},"51":{"start":{"line":92,"column":6},"end":{"line":92,"column":26}},"52":{"start":{"line":95,"column":31},"end":{"line":118,"column":3}},"53":{"start":{"line":96,"column":4},"end":{"line":116,"column":5}},"54":{"start":{"line":98,"column":20},"end":{"line":98,"column":31}},"55":{"start":{"line":99,"column":24},"end":{"line":99,"column":46}},"56":{"start":{"line":100,"column":22},"end":{"line":100,"column":55}},"57":{"start":{"line":101,"column":24},"end":{"line":101,"column":50}},"58":{"start":{"line":102,"column":6},"end":{"line":112,"column":7}},"59":{"start":{"line":103,"column":42},"end":{"line":103,"column":78}},"60":{"start":{"line":104,"column":29},"end":{"line":104,"column":75}},"61":{"start":{"line":105,"column":29},"end":{"line":105,"column":117}},"62":{"start":{"line":107,"column":8},"end":{"line":107,"column":87}},"63":{"start":{"line":108,"column":8},"end":{"line":111,"column":10}},"64":{"start":{"line":113,"column":6},"end":{"line":113,"column":34}},"65":{"start":{"line":114,"column":6},"end":{"line":114,"column":31}},"66":{"start":{"line":115,"column":6},"end":{"line":115,"column":26}},"67":{"start":{"line":121,"column":2},"end":{"line":155,"column":3}},"68":{"start":{"line":122,"column":4},"end":{"line":151,"column":5}},"69":{"start":{"line":130,"column":16},"end":{"line":138,"column":19}},"70":{"start":{"line":136,"column":36},"end":{"line":136,"column":74}},"71":{"start":{"line":154,"column":4},"end":{"line":154,"column":16}}},"fnMap":{"0":{"name":"(anonymous_0)","decl":{"start":{"line":9,"column":46},"end":{"line":9,"column":47}},"loc":{"start":{"line":9,"column":60},"end":{"line":13,"column":7}},"line":9},"1":{"name":"(anonymous_1)","decl":{"start":{"line":15,"column":21},"end":{"line":15,"column":22}},"loc":{"start":{"line":15,"column":90},"end":{"line":156,"column":1}},"line":15},"2":{"name":"(anonymous_2)","decl":{"start":{"line":26,"column":12},"end":{"line":26,"column":13}},"loc":{"start":{"line":26,"column":17},"end":{"line":43,"column":3}},"line":26},"3":{"name":"(anonymous_3)","decl":{"start":{"line":29,"column":45},"end":{"line":29,"column":46}},"loc":{"start":{"line":29,"column":56},"end":{"line":31,"column":7}},"line":29},"4":{"name":"(anonymous_4)","decl":{"start":{"line":35,"column":30},"end":{"line":35,"column":31}},"loc":{"start":{"line":35,"column":41},"end":{"line":37,"column":7}},"line":35},"5":{"name":"(anonymous_5)","decl":{"start":{"line":48,"column":34},"end":{"line":48,"column":35}},"loc":{"start":{"line":48,"column":44},"end":{"line":53,"column":3}},"line":48},"6":{"name":"(anonymous_6)","decl":{"start":{"line":56,"column":27},"end":{"line":56,"column":28}},"loc":{"start":{"line":56,"column":33},"end":{"line":62,"column":3}},"line":56},"7":{"name":"(anonymous_7)","decl":{"start":{"line":64,"column":29},"end":{"line":64,"column":30}},"loc":{"start":{"line":64,"column":35},"end":{"line":71,"column":3}},"line":64},"8":{"name":"(anonymous_8)","decl":{"start":{"line":72,"column":29},"end":{"line":72,"column":30}},"loc":{"start":{"line":72,"column":35},"end":{"line":94,"column":3}},"line":72},"9":{"name":"(anonymous_9)","decl":{"start":{"line":95,"column":31},"end":{"line":95,"column":32}},"loc":{"start":{"line":95,"column":37},"end":{"line":118,"column":3}},"line":95},"10":{"name":"(anonymous_10)","decl":{"start":{"line":129,"column":35},"end":{"line":129,"column":36}},"loc":{"start":{"line":129,"column":53},"end":{"line":139,"column":15}},"line":129},"11":{"name":"(anonymous_11)","decl":{"start":{"line":136,"column":27},"end":{"line":136,"column":28}},"loc":{"start":{"line":136,"column":36},"end":{"line":136,"column":74}},"line":136}},"branchMap":{"0":{"loc":{"start":{"line":27,"column":4},"end":{"line":42,"column":5}},"type":"if","locations":[{"start":{"line":27,"column":4},"end":{"line":42,"column":5}},{"start":{},"end":{}}],"line":27},"1":{"loc":{"start":{"line":73,"column":4},"end":{"line":93,"column":5}},"type":"if","locations":[{"start":{"line":73,"column":4},"end":{"line":93,"column":5}},{"start":{},"end":{}}],"line":73},"2":{"loc":{"start":{"line":78,"column":6},"end":{"line":89,"column":7}},"type":"if","locations":[{"start":{"line":78,"column":6},"end":{"line":89,"column":7}},{"start":{},"end":{}}],"line":78},"3":{"loc":{"start":{"line":78,"column":9},"end":{"line":78,"column":40}},"type":"binary-expr","locations":[{"start":{"line":78,"column":9},"end":{"line":78,"column":18}},{"start":{"line":78,"column":22},"end":{"line":78,"column":40}}],"line":78},"4":{"loc":{"start":{"line":82,"column":8},"end":{"line":84,"column":9}},"type":"if","locations":[{"start":{"line":82,"column":8},"end":{"line":84,"column":9}},{"start":{},"end":{}}],"line":82},"5":{"loc":{"start":{"line":96,"column":4},"end":{"line":116,"column":5}},"type":"if","locations":[{"start":{"line":96,"column":4},"end":{"line":116,"column":5}},{"start":{},"end":{}}],"line":96},"6":{"loc":{"start":{"line":102,"column":6},"end":{"line":112,"column":7}},"type":"if","locations":[{"start":{"line":102,"column":6},"end":{"line":112,"column":7}},{"start":{},"end":{}}],"line":102},"7":{"loc":{"start":{"line":102,"column":9},"end":{"line":102,"column":40}},"type":"binary-expr","locations":[{"start":{"line":102,"column":9},"end":{"line":102,"column":18}},{"start":{"line":102,"column":22},"end":{"line":102,"column":40}}],"line":102},"8":{"loc":{"start":{"line":107,"column":25},"end":{"line":107,"column":86}},"type":"cond-expr","locations":[{"start":{"line":107,"column":58},"end":{"line":107,"column":70}},{"start":{"line":107,"column":72},"end":{"line":107,"column":86}}],"line":107},"9":{"loc":{"start":{"line":121,"column":2},"end":{"line":155,"column":3}},"type":"if","locations":[{"start":{"line":121,"column":2},"end":{"line":155,"column":3}},{"start":{"line":153,"column":9},"end":{"line":155,"column":3}}],"line":121},"10":{"loc":{"start":{"line":121,"column":5},"end":{"line":121,"column":37}},"type":"binary-expr","locations":[{"start":{"line":121,"column":5},"end":{"line":121,"column":20}},{"start":{"line":121,"column":24},"end":{"line":121,"column":37}}],"line":121},"11":{"loc":{"start":{"line":124,"column":63},"end":{"line":124,"column":119}},"type":"cond-expr","locations":[{"start":{"line":124,"column":77},"end":{"line":124,"column":92}},{"start":{"line":124,"column":94},"end":{"line":124,"column":119}}],"line":124},"12":{"loc":{"start":{"line":125,"column":27},"end":{"line":125,"column":99}},"type":"cond-expr","locations":[{"start":{"line":125,"column":41},"end":{"line":125,"column":73}},{"start":{"line":125,"column":75},"end":{"line":125,"column":99}}],"line":125},"13":{"loc":{"start":{"line":126,"column":13},"end":{"line":126,"column":117}},"type":"binary-expr","locations":[{"start":{"line":126,"column":13},"end":{"line":126,"column":39}},{"start":{"line":126,"column":43},"end":{"line":126,"column":117}}],"line":126},"14":{"loc":{"start":{"line":141,"column":13},"end":{"line":141,"column":120}},"type":"binary-expr","locations":[{"start":{"line":141,"column":13},"end":{"line":141,"column":39}},{"start":{"line":141,"column":42},"end":{"line":141,"column":120}}],"line":141},"15":{"loc":{"start":{"line":145,"column":76},"end":{"line":145,"column":124}},"type":"cond-expr","locations":[{"start":{"line":145,"column":90},"end":{"line":145,"column":111}},{"start":{"line":145,"column":112},"end":{"line":145,"column":124}}],"line":145}},"s":{"0":1,"1":6,"2":6,"3":6,"4":1,"5":16,"6":16,"7":16,"8":16,"9":16,"10":16,"11":16,"12":16,"13":6,"14":6,"15":36,"16":6,"17":6,"18":6,"19":6,"20":42,"21":6,"22":6,"23":6,"24":6,"25":16,"26":1,"27":1,"28":1,"29":1,"30":16,"31":0,"32":0,"33":16,"34":0,"35":0,"36":16,"37":1,"38":1,"39":1,"40":1,"41":1,"42":1,"43":0,"44":0,"45":0,"46":0,"47":0,"48":0,"49":1,"50":1,"51":1,"52":16,"53":2,"54":2,"55":2,"56":2,"57":2,"58":2,"59":0,"60":0,"61":0,"62":0,"63":0,"64":2,"65":2,"66":2,"67":16,"68":10,"69":66,"70":132,"71":6},"f":{"0":6,"1":16,"2":6,"3":36,"4":42,"5":1,"6":0,"7":0,"8":1,"9":2,"10":66,"11":132},"b":{"0":[6,0],"1":[1,0],"2":[0,1],"3":[1,1],"4":[0,0],"5":[2,0],"6":[0,2],"7":[2,2],"8":[0,0],"9":[10,6],"10":[16,10],"11":[0,10],"12":[0,10],"13":[10,1],"14":[10,1],"15":[0,10]},"_coverageSchema":"1a1c01bbd47fc00a2c39e90264f33305004495a9","hash":"e814fbe60268be329c6f20ee1b654b0c30887f7f"}
,"/Users/girijeshthodupunuri/fec/fec-uranus/src/components/Overview/ImageGallery/dummyData.js": {"path":"/Users/girijeshthodupunuri/fec/fec-uranus/src/components/Overview/ImageGallery/dummyData.js","statementMap":{"0":{"start":{"line":1,"column":26},"end":{"line":359,"column":1}}},"fnMap":{},"branchMap":{},"s":{"0":1},"f":{},"b":{},"_coverageSchema":"1a1c01bbd47fc00a2c39e90264f33305004495a9","hash":"4a9b06fb5c912102a45569e74346c1efa5d0c5c0"}
,"/Users/girijeshthodupunuri/fec/fec-uranus/src/components/Overview/ImageGallery/ThumbNailImages/ThumbNailImages.jsx": {"path":"/Users/girijeshthodupunuri/fec/fec-uranus/src/components/Overview/ImageGallery/ThumbNailImages/ThumbNailImages.jsx","statementMap":{"0":{"start":{"line":3,"column":22},"end":{"line":17,"column":2}},"1":{"start":{"line":4,"column":2},"end":{"line":15,"column":3}},"2":{"start":{"line":5,"column":4},"end":{"line":14,"column":5}},"3":{"start":{"line":6,"column":65},"end":{"line":6,"column":95}},"4":{"start":{"line":16,"column":2},"end":{"line":16,"column":14}}},"fnMap":{"0":{"name":"ThumbNailImage","decl":{"start":{"line":3,"column":42},"end":{"line":3,"column":56}},"loc":{"start":{"line":3,"column":108},"end":{"line":17,"column":1}},"line":3},"1":{"name":"(anonymous_1)","decl":{"start":{"line":6,"column":59},"end":{"line":6,"column":60}},"loc":{"start":{"line":6,"column":65},"end":{"line":6,"column":95}},"line":6}},"branchMap":{"0":{"loc":{"start":{"line":4,"column":2},"end":{"line":15,"column":3}},"type":"if","locations":[{"start":{"line":4,"column":2},"end":{"line":15,"column":3}},{"start":{},"end":{}}],"line":4},"1":{"loc":{"start":{"line":6,"column":109},"end":{"line":6,"column":180}},"type":"cond-expr","locations":[{"start":{"line":6,"column":130},"end":{"line":6,"column":140}},{"start":{"line":6,"column":142},"end":{"line":6,"column":180}}],"line":6}},"s":{"0":1,"1":67,"2":67,"3":2,"4":0},"f":{"0":67,"1":2},"b":{"0":[67,0],"1":[11,56]},"_coverageSchema":"1a1c01bbd47fc00a2c39e90264f33305004495a9","hash":"017dd8f18a44f5fc44fe81b49c964fbf8d7945bf"}
,"/Users/girijeshthodupunuri/fec/fec-uranus/src/components/Overview/ProductOverview/DropDownMenus/QuantitySelectorComponent/QuantityMenu.jsx": {"path":"/Users/girijeshthodupunuri/fec/fec-uranus/src/components/Overview/ProductOverview/DropDownMenus/QuantitySelectorComponent/QuantityMenu.jsx","statementMap":{"0":{"start":{"line":4,"column":21},"end":{"line":36,"column":1}},"1":{"start":{"line":5,"column":44},"end":{"line":5,"column":58}},"2":{"start":{"line":6,"column":20},"end":{"line":6,"column":32}},"3":{"start":{"line":7,"column":2},"end":{"line":19,"column":34}},"4":{"start":{"line":8,"column":4},"end":{"line":18,"column":5}},"5":{"start":{"line":9,"column":23},"end":{"line":9,"column":82}},"6":{"start":{"line":10,"column":27},"end":{"line":10,"column":29}},"7":{"start":{"line":11,"column":6},"end":{"line":15,"column":7}},"8":{"start":{"line":11,"column":18},"end":{"line":11,"column":19}},"9":{"start":{"line":12,"column":8},"end":{"line":14,"column":9}},"10":{"start":{"line":16,"column":6},"end":{"line":16,"column":37}},"11":{"start":{"line":17,"column":6},"end":{"line":17,"column":42}},"12":{"start":{"line":20,"column":2},"end":{"line":30,"column":3}},"13":{"start":{"line":21,"column":4},"end":{"line":29,"column":5}},"14":{"start":{"line":23,"column":26},"end":{"line":23,"column":70}},"15":{"start":{"line":31,"column":2},"end":{"line":35,"column":3}}},"fnMap":{"0":{"name":"(anonymous_0)","decl":{"start":{"line":4,"column":21},"end":{"line":4,"column":22}},"loc":{"start":{"line":4,"column":94},"end":{"line":36,"column":1}},"line":4},"1":{"name":"(anonymous_1)","decl":{"start":{"line":7,"column":12},"end":{"line":7,"column":13}},"loc":{"start":{"line":7,"column":17},"end":{"line":19,"column":3}},"line":7},"2":{"name":"(anonymous_2)","decl":{"start":{"line":23,"column":18},"end":{"line":23,"column":19}},"loc":{"start":{"line":23,"column":25},"end":{"line":23,"column":71}},"line":23}},"branchMap":{"0":{"loc":{"start":{"line":8,"column":4},"end":{"line":18,"column":5}},"type":"if","locations":[{"start":{"line":8,"column":4},"end":{"line":18,"column":5}},{"start":{},"end":{}}],"line":8},"1":{"loc":{"start":{"line":9,"column":23},"end":{"line":9,"column":82}},"type":"cond-expr","locations":[{"start":{"line":9,"column":54},"end":{"line":9,"column":56}},{"start":{"line":9,"column":58},"end":{"line":9,"column":82}}],"line":9},"2":{"loc":{"start":{"line":20,"column":2},"end":{"line":30,"column":3}},"type":"if","locations":[{"start":{"line":20,"column":2},"end":{"line":30,"column":3}},{"start":{},"end":{}}],"line":20}},"s":{"0":1,"1":7,"2":7,"3":7,"4":3,"5":3,"6":3,"7":3,"8":3,"9":45,"10":3,"11":3,"12":7,"13":7,"14":2,"15":0},"f":{"0":7,"1":3,"2":2},"b":{"0":[3,0],"1":[3,0],"2":[7,0]},"_coverageSchema":"1a1c01bbd47fc00a2c39e90264f33305004495a9","hash":"4491e5ce0d980a53bd4ac69ed6ef556d4e20c33d"}
,"/Users/girijeshthodupunuri/fec/fec-uranus/src/components/Overview/ProductOverview/DropDownMenus/SizeSelectorComponent/SizeMenu.jsx": {"path":"/Users/girijeshthodupunuri/fec/fec-uranus/src/components/Overview/ProductOverview/DropDownMenus/SizeSelectorComponent/SizeMenu.jsx","statementMap":{"0":{"start":{"line":4,"column":17},"end":{"line":43,"column":1}},"1":{"start":{"line":5,"column":38},"end":{"line":5,"column":52}},"2":{"start":{"line":6,"column":2},"end":{"line":11,"column":20}},"3":{"start":{"line":7,"column":4},"end":{"line":10,"column":5}},"4":{"start":{"line":9,"column":6},"end":{"line":9,"column":55}},"5":{"start":{"line":13,"column":23},"end":{"line":21,"column":3}},"6":{"start":{"line":14,"column":16},"end":{"line":14,"column":34}},"7":{"start":{"line":15,"column":4},"end":{"line":19,"column":5}},"8":{"start":{"line":16,"column":6},"end":{"line":18,"column":7}},"9":{"start":{"line":17,"column":8},"end":{"line":17,"column":54}},"10":{"start":{"line":22,"column":2},"end":{"line":37,"column":3}},"11":{"start":{"line":23,"column":4},"end":{"line":36,"column":5}},"12":{"start":{"line":24,"column":81},"end":{"line":24,"column":96}},"13":{"start":{"line":27,"column":22},"end":{"line":27,"column":29}},"14":{"start":{"line":28,"column":23},"end":{"line":28,"column":30}},"15":{"start":{"line":29,"column":10},"end":{"line":33,"column":11}},"16":{"start":{"line":30,"column":12},"end":{"line":32,"column":13}},"17":{"start":{"line":38,"column":2},"end":{"line":42,"column":3}}},"fnMap":{"0":{"name":"(anonymous_0)","decl":{"start":{"line":4,"column":17},"end":{"line":4,"column":18}},"loc":{"start":{"line":4,"column":53},"end":{"line":43,"column":1}},"line":4},"1":{"name":"(anonymous_1)","decl":{"start":{"line":6,"column":12},"end":{"line":6,"column":13}},"loc":{"start":{"line":6,"column":18},"end":{"line":11,"column":3}},"line":6},"2":{"name":"(anonymous_2)","decl":{"start":{"line":13,"column":23},"end":{"line":13,"column":24}},"loc":{"start":{"line":13,"column":34},"end":{"line":21,"column":3}},"line":13},"3":{"name":"(anonymous_3)","decl":{"start":{"line":24,"column":74},"end":{"line":24,"column":75}},"loc":{"start":{"line":24,"column":81},"end":{"line":24,"column":96}},"line":24},"4":{"name":"(anonymous_4)","decl":{"start":{"line":26,"column":24},"end":{"line":26,"column":25}},"loc":{"start":{"line":26,"column":33},"end":{"line":34,"column":9}},"line":26}},"branchMap":{"0":{"loc":{"start":{"line":7,"column":4},"end":{"line":10,"column":5}},"type":"if","locations":[{"start":{"line":7,"column":4},"end":{"line":10,"column":5}},{"start":{},"end":{}}],"line":7},"1":{"loc":{"start":{"line":16,"column":6},"end":{"line":18,"column":7}},"type":"if","locations":[{"start":{"line":16,"column":6},"end":{"line":18,"column":7}},{"start":{},"end":{}}],"line":16},"2":{"loc":{"start":{"line":22,"column":2},"end":{"line":37,"column":3}},"type":"if","locations":[{"start":{"line":22,"column":2},"end":{"line":37,"column":3}},{"start":{},"end":{}}],"line":22},"3":{"loc":{"start":{"line":29,"column":10},"end":{"line":33,"column":11}},"type":"if","locations":[{"start":{"line":29,"column":10},"end":{"line":33,"column":11}},{"start":{},"end":{}}],"line":29}},"s":{"0":1,"1":12,"2":12,"3":6,"4":6,"5":12,"6":2,"7":2,"8":6,"9":2,"10":12,"11":8,"12":2,"13":24,"14":24,"15":24,"16":16,"17":4},"f":{"0":12,"1":6,"2":2,"3":2,"4":24},"b":{"0":[6,0],"1":[2,4],"2":[8,4],"3":[16,8]},"_coverageSchema":"1a1c01bbd47fc00a2c39e90264f33305004495a9","hash":"94134b2af239472520b00c9b6b4fec32024f5610"}
,"/Users/girijeshthodupunuri/fec/fec-uranus/src/components/Overview/ProductOverview/ProductStyles/AllStyles.jsx": {"path":"/Users/girijeshthodupunuri/fec/fec-uranus/src/components/Overview/ProductOverview/ProductStyles/AllStyles.jsx","statementMap":{"0":{"start":{"line":6,"column":18},"end":{"line":36,"column":1}},"1":{"start":{"line":7,"column":38},"end":{"line":7,"column":57}},"2":{"start":{"line":9,"column":2},"end":{"line":11,"column":15}},"3":{"start":{"line":10,"column":4},"end":{"line":10,"column":29}},"4":{"start":{"line":13,"column":25},"end":{"line":17,"column":3}},"5":{"start":{"line":14,"column":4},"end":{"line":14,"column":27}},"6":{"start":{"line":15,"column":4},"end":{"line":15,"column":25}},"7":{"start":{"line":16,"column":4},"end":{"line":16,"column":58}},"8":{"start":{"line":18,"column":2},"end":{"line":34,"column":3}},"9":{"start":{"line":19,"column":4},"end":{"line":33,"column":6}},"10":{"start":{"line":22,"column":10},"end":{"line":30,"column":12}},"11":{"start":{"line":35,"column":2},"end":{"line":35,"column":14}}},"fnMap":{"0":{"name":"(anonymous_0)","decl":{"start":{"line":6,"column":18},"end":{"line":6,"column":19}},"loc":{"start":{"line":6,"column":62},"end":{"line":36,"column":1}},"line":6},"1":{"name":"(anonymous_1)","decl":{"start":{"line":9,"column":12},"end":{"line":9,"column":13}},"loc":{"start":{"line":9,"column":18},"end":{"line":11,"column":3}},"line":9},"2":{"name":"(anonymous_2)","decl":{"start":{"line":13,"column":25},"end":{"line":13,"column":26}},"loc":{"start":{"line":13,"column":36},"end":{"line":17,"column":3}},"line":13},"3":{"name":"(anonymous_3)","decl":{"start":{"line":21,"column":20},"end":{"line":21,"column":21}},"loc":{"start":{"line":21,"column":31},"end":{"line":31,"column":9}},"line":21}},"branchMap":{"0":{"loc":{"start":{"line":16,"column":4},"end":{"line":16,"column":57}},"type":"cond-expr","locations":[{"start":{"line":16,"column":23},"end":{"line":16,"column":38}},{"start":{"line":16,"column":41},"end":{"line":16,"column":57}}],"line":16},"1":{"loc":{"start":{"line":18,"column":2},"end":{"line":34,"column":3}},"type":"if","locations":[{"start":{"line":18,"column":2},"end":{"line":34,"column":3}},{"start":{},"end":{}}],"line":18}},"s":{"0":1,"1":8,"2":8,"3":3,"4":8,"5":3,"6":3,"7":3,"8":8,"9":8,"10":24,"11":0},"f":{"0":8,"1":3,"2":3,"3":24},"b":{"0":[2,1],"1":[8,0]},"_coverageSchema":"1a1c01bbd47fc00a2c39e90264f33305004495a9","hash":"8b67ae54f3eceba46acdf1c6353c79aa978bdc93"}
,"/Users/girijeshthodupunuri/fec/fec-uranus/src/components/Overview/ProductOverview/ProductStyles/IndividualStyleComponent.jsx": {"path":"/Users/girijeshthodupunuri/fec/fec-uranus/src/components/Overview/ProductOverview/ProductStyles/IndividualStyleComponent.jsx","statementMap":{"0":{"start":{"line":4,"column":33},"end":{"line":19,"column":1}},"1":{"start":{"line":5,"column":25},"end":{"line":5,"column":54}},"2":{"start":{"line":8,"column":2},"end":{"line":17,"column":3}},"3":{"start":{"line":9,"column":4},"end":{"line":16,"column":5}},"4":{"start":{"line":10,"column":130},"end":{"line":10,"column":151}},"5":{"start":{"line":18,"column":2},"end":{"line":18,"column":14}}},"fnMap":{"0":{"name":"(anonymous_0)","decl":{"start":{"line":4,"column":33},"end":{"line":4,"column":34}},"loc":{"start":{"line":4,"column":74},"end":{"line":19,"column":1}},"line":4},"1":{"name":"(anonymous_1)","decl":{"start":{"line":10,"column":123},"end":{"line":10,"column":124}},"loc":{"start":{"line":10,"column":130},"end":{"line":10,"column":151}},"line":10}},"branchMap":{"0":{"loc":{"start":{"line":8,"column":2},"end":{"line":17,"column":3}},"type":"if","locations":[{"start":{"line":8,"column":2},"end":{"line":17,"column":3}},{"start":{},"end":{}}],"line":8},"1":{"loc":{"start":{"line":10,"column":64},"end":{"line":10,"column":112}},"type":"cond-expr","locations":[{"start":{"line":10,"column":86},"end":{"line":10,"column":102}},{"start":{"line":10,"column":104},"end":{"line":10,"column":112}}],"line":10}},"s":{"0":1,"1":18,"2":18,"3":18,"4":3,"5":0},"f":{"0":18,"1":3},"b":{"0":[18,0],"1":[6,12]},"_coverageSchema":"1a1c01bbd47fc00a2c39e90264f33305004495a9","hash":"04b04fcb11d092abbc848c047dd7716b929e87c6"}
,"/Users/girijeshthodupunuri/fec/fec-uranus/src/components/RatingReview/ReviewsListModule/ReviewHelpfulness.jsx": {"path":"/Users/girijeshthodupunuri/fec/fec-uranus/src/components/RatingReview/ReviewsListModule/ReviewHelpfulness.jsx","statementMap":{"0":{"start":{"line":3,"column":26},"end":{"line":11,"column":1}},"1":{"start":{"line":4,"column":2},"end":{"line":10,"column":4}}},"fnMap":{"0":{"name":"(anonymous_0)","decl":{"start":{"line":3,"column":26},"end":{"line":3,"column":27}},"loc":{"start":{"line":3,"column":72},"end":{"line":11,"column":1}},"line":3}},"branchMap":{},"s":{"0":1,"1":2},"f":{"0":2},"b":{},"_coverageSchema":"1a1c01bbd47fc00a2c39e90264f33305004495a9","hash":"c293e8572178944854ea87428fba52e926825fcb"}
,"/Users/girijeshthodupunuri/fec/fec-uranus/src/components/Utilities/Stars/Star.jsx": {"path":"/Users/girijeshthodupunuri/fec/fec-uranus/src/components/Utilities/Stars/Star.jsx","statementMap":{"0":{"start":{"line":13,"column":13},"end":{"line":95,"column":1}},"1":{"start":{"line":14,"column":2},"end":{"line":93,"column":3}},"2":{"start":{"line":15,"column":22},"end":{"line":15,"column":79}},"3":{"start":{"line":16,"column":4},"end":{"line":22,"column":5}},"4":{"start":{"line":17,"column":6},"end":{"line":21,"column":8}},"5":{"start":{"line":23,"column":4},"end":{"line":46,"column":5}},"6":{"start":{"line":24,"column":6},"end":{"line":45,"column":8}},"7":{"start":{"line":47,"column":4},"end":{"line":70,"column":5}},"8":{"start":{"line":48,"column":6},"end":{"line":69,"column":8}},"9":{"start":{"line":71,"column":4},"end":{"line":92,"column":6}},"10":{"start":{"line":94,"column":2},"end":{"line":94,"column":14}}},"fnMap":{"0":{"name":"(anonymous_0)","decl":{"start":{"line":13,"column":13},"end":{"line":13,"column":14}},"loc":{"start":{"line":13,"column":40},"end":{"line":95,"column":1}},"line":13}},"branchMap":{"0":{"loc":{"start":{"line":14,"column":2},"end":{"line":93,"column":3}},"type":"if","locations":[{"start":{"line":14,"column":2},"end":{"line":93,"column":3}},{"start":{},"end":{}}],"line":14},"1":{"loc":{"start":{"line":15,"column":37},"end":{"line":15,"column":68}},"type":"cond-expr","locations":[{"start":{"line":15,"column":54},"end":{"line":15,"column":63}},{"start":{"line":15,"column":66},"end":{"line":15,"column":68}}],"line":15},"2":{"loc":{"start":{"line":16,"column":4},"end":{"line":22,"column":5}},"type":"if","locations":[{"start":{"line":16,"column":4},"end":{"line":22,"column":5}},{"start":{},"end":{}}],"line":16},"3":{"loc":{"start":{"line":23,"column":4},"end":{"line":46,"column":5}},"type":"if","locations":[{"start":{"line":23,"column":4},"end":{"line":46,"column":5}},{"start":{},"end":{}}],"line":23},"4":{"loc":{"start":{"line":23,"column":8},"end":{"line":23,"column":46}},"type":"binary-expr","locations":[{"start":{"line":23,"column":8},"end":{"line":23,"column":26}},{"start":{"line":23,"column":30},"end":{"line":23,"column":46}}],"line":23},"5":{"loc":{"start":{"line":47,"column":4},"end":{"line":70,"column":5}},"type":"if","locations":[{"start":{"line":47,"column":4},"end":{"line":70,"column":5}},{"start":{},"end":{}}],"line":47},"6":{"loc":{"start":{"line":47,"column":8},"end":{"line":47,"column":46}},"type":"binary-expr","locations":[{"start":{"line":47,"column":8},"end":{"line":47,"column":25}},{"start":{"line":47,"column":29},"end":{"line":47,"column":46}}],"line":47}},"s":{"0":2,"1":14,"2":9,"3":9,"4":0,"5":9,"6":2,"7":7,"8":2,"9":5,"10":5},"f":{"0":14},"b":{"0":[9,5],"1":[9,0],"2":[0,9],"3":[2,7],"4":[9,2],"5":[2,5],"6":[7,2]},"_coverageSchema":"1a1c01bbd47fc00a2c39e90264f33305004495a9","hash":"3f043d6f7c5f614d21df7bd453bd3b25947aae1b"}
,"/Users/girijeshthodupunuri/fec/fec-uranus/src/components/Utilities/Stars/Stars.jsx": {"path":"/Users/girijeshthodupunuri/fec/fec-uranus/src/components/Utilities/Stars/Stars.jsx","statementMap":{"0":{"start":{"line":7,"column":14},"end":{"line":44,"column":1}},"1":{"start":{"line":8,"column":18},"end":{"line":8,"column":41}},"2":{"start":{"line":9,"column":21},"end":{"line":38,"column":3}},"3":{"start":{"line":10,"column":24},"end":{"line":10,"column":42}},"4":{"start":{"line":11,"column":26},"end":{"line":11,"column":36}},"5":{"start":{"line":12,"column":18},"end":{"line":12,"column":20}},"6":{"start":{"line":13,"column":4},"end":{"line":19,"column":5}},"7":{"start":{"line":13,"column":17},"end":{"line":13,"column":18}},"8":{"start":{"line":14,"column":6},"end":{"line":18,"column":8}},"9":{"start":{"line":20,"column":4},"end":{"line":26,"column":6}},"10":{"start":{"line":27,"column":4},"end":{"line":36,"column":5}},"11":{"start":{"line":28,"column":6},"end":{"line":35,"column":8}},"12":{"start":{"line":37,"column":4},"end":{"line":37,"column":17}},"13":{"start":{"line":40,"column":2},"end":{"line":42,"column":3}},"14":{"start":{"line":41,"column":4},"end":{"line":41,"column":74}},"15":{"start":{"line":43,"column":2},"end":{"line":43,"column":14}}},"fnMap":{"0":{"name":"(anonymous_0)","decl":{"start":{"line":7,"column":14},"end":{"line":7,"column":15}},"loc":{"start":{"line":7,"column":33},"end":{"line":44,"column":1}},"line":7},"1":{"name":"(anonymous_1)","decl":{"start":{"line":9,"column":21},"end":{"line":9,"column":22}},"loc":{"start":{"line":9,"column":33},"end":{"line":38,"column":3}},"line":9}},"branchMap":{"0":{"loc":{"start":{"line":40,"column":2},"end":{"line":42,"column":3}},"type":"if","locations":[{"start":{"line":40,"column":2},"end":{"line":42,"column":3}},{"start":{},"end":{}}],"line":40}},"s":{"0":2,"1":14,"2":14,"3":14,"4":14,"5":14,"6":14,"7":14,"8":45,"9":14,"10":14,"11":11,"12":14,"13":14,"14":14,"15":0},"f":{"0":14,"1":14},"b":{"0":[14,0]},"_coverageSchema":"1a1c01bbd47fc00a2c39e90264f33305004495a9","hash":"ae780eb0f628d8824b7779fa402a89e5ef442db3"}
,"/Users/girijeshthodupunuri/fec/fec-uranus/src/helperFunctions/getReviewMetadata.js": {"path":"/Users/girijeshthodupunuri/fec/fec-uranus/src/helperFunctions/getReviewMetadata.js","statementMap":{"0":{"start":{"line":3,"column":15},"end":{"line":3,"column":44}},"1":{"start":{"line":5,"column":26},"end":{"line":20,"column":1}},"2":{"start":{"line":6,"column":2},"end":{"line":19,"column":3}},"3":{"start":{"line":7,"column":21},"end":{"line":15,"column":5}},"4":{"start":{"line":16,"column":4},"end":{"line":16,"column":25}},"5":{"start":{"line":18,"column":4},"end":{"line":18,"column":14}}},"fnMap":{"0":{"name":"(anonymous_0)","decl":{"start":{"line":5,"column":26},"end":{"line":5,"column":27}},"loc":{"start":{"line":5,"column":40},"end":{"line":20,"column":1}},"line":5}},"branchMap":{},"s":{"0":2,"1":2,"2":0,"3":0,"4":0,"5":0},"f":{"0":0},"b":{},"_coverageSchema":"1a1c01bbd47fc00a2c39e90264f33305004495a9","hash":"bc8b590bb0070c44f9ad2a2e97fbcbb4f71993bd"}
,"/Users/girijeshthodupunuri/fec/fec-uranus/src/helperFunctions/App/getProductById.js": {"path":"/Users/girijeshthodupunuri/fec/fec-uranus/src/helperFunctions/App/getProductById.js","statementMap":{"0":{"start":{"line":3,"column":15},"end":{"line":3,"column":44}},"1":{"start":{"line":4,"column":21},"end":{"line":16,"column":1}},"2":{"start":{"line":5,"column":2},"end":{"line":15,"column":3}},"3":{"start":{"line":6,"column":21},"end":{"line":11,"column":5}},"4":{"start":{"line":12,"column":4},"end":{"line":12,"column":25}},"5":{"start":{"line":14,"column":4},"end":{"line":14,"column":14}}},"fnMap":{"0":{"name":"(anonymous_0)","decl":{"start":{"line":4,"column":21},"end":{"line":4,"column":22}},"loc":{"start":{"line":4,"column":35},"end":{"line":16,"column":1}},"line":4}},"branchMap":{},"s":{"0":2,"1":2,"2":3,"3":3,"4":2,"5":1},"f":{"0":3},"b":{},"_coverageSchema":"1a1c01bbd47fc00a2c39e90264f33305004495a9","hash":"ced0aa5483b0567bf8983e7eeb3ceebe0bcfa1ef"}
,"/Users/girijeshthodupunuri/fec/fec-uranus/src/helperFunctions/App/getRandomNumber.js": {"path":"/Users/girijeshthodupunuri/fec/fec-uranus/src/helperFunctions/App/getRandomNumber.js","statementMap":{"0":{"start":{"line":3,"column":24},"end":{"line":7,"column":1}},"1":{"start":{"line":4,"column":17},"end":{"line":4,"column":31}},"2":{"start":{"line":5,"column":17},"end":{"line":5,"column":31}},"3":{"start":{"line":6,"column":2},"end":{"line":6,"column":64}}},"fnMap":{"0":{"name":"(anonymous_0)","decl":{"start":{"line":3,"column":24},"end":{"line":3,"column":25}},"loc":{"start":{"line":3,"column":38},"end":{"line":7,"column":1}},"line":3}},"branchMap":{},"s":{"0":1,"1":0,"2":0,"3":0},"f":{"0":0},"b":{},"_coverageSchema":"1a1c01bbd47fc00a2c39e90264f33305004495a9","hash":"4620c305bde30edc5f103be3180577a328430dd8"}
,"/Users/girijeshthodupunuri/fec/fec-uranus/src/helperFunctions/App/getRelatedItemsById.js": {"path":"/Users/girijeshthodupunuri/fec/fec-uranus/src/helperFunctions/App/getRelatedItemsById.js","statementMap":{"0":{"start":{"line":3,"column":15},"end":{"line":3,"column":44}},"1":{"start":{"line":5,"column":28},"end":{"line":19,"column":1}},"2":{"start":{"line":6,"column":2},"end":{"line":18,"column":3}},"3":{"start":{"line":7,"column":17},"end":{"line":13,"column":6}},"4":{"start":{"line":14,"column":23},"end":{"line":14,"column":46}},"5":{"start":{"line":15,"column":4},"end":{"line":15,"column":22}},"6":{"start":{"line":17,"column":4},"end":{"line":17,"column":15}}},"fnMap":{"0":{"name":"(anonymous_0)","decl":{"start":{"line":5,"column":28},"end":{"line":5,"column":29}},"loc":{"start":{"line":5,"column":42},"end":{"line":19,"column":1}},"line":5}},"branchMap":{},"s":{"0":1,"1":1,"2":4,"3":4,"4":2,"5":2,"6":2},"f":{"0":4},"b":{},"_coverageSchema":"1a1c01bbd47fc00a2c39e90264f33305004495a9","hash":"91df622381f379972ccd45d54115c1428fce16e3"}
,"/Users/girijeshthodupunuri/fec/fec-uranus/src/helperFunctions/App/getStylesById.js": {"path":"/Users/girijeshthodupunuri/fec/fec-uranus/src/helperFunctions/App/getStylesById.js","statementMap":{"0":{"start":{"line":3,"column":15},"end":{"line":3,"column":44}},"1":{"start":{"line":8,"column":22},"end":{"line":19,"column":1}},"2":{"start":{"line":9,"column":2},"end":{"line":18,"column":3}},"3":{"start":{"line":10,"column":21},"end":{"line":14,"column":6}},"4":{"start":{"line":15,"column":4},"end":{"line":15,"column":25}},"5":{"start":{"line":17,"column":4},"end":{"line":17,"column":14}}},"fnMap":{"0":{"name":"(anonymous_0)","decl":{"start":{"line":8,"column":22},"end":{"line":8,"column":23}},"loc":{"start":{"line":8,"column":36},"end":{"line":19,"column":1}},"line":8}},"branchMap":{},"s":{"0":2,"1":2,"2":1,"3":1,"4":1,"5":0},"f":{"0":1},"b":{},"_coverageSchema":"1a1c01bbd47fc00a2c39e90264f33305004495a9","hash":"8e8feb323d56bb1e067bb6b35869ae26edd26a32"}
,"/Users/girijeshthodupunuri/fec/fec-uranus/src/store/curr-item-context.jsx": {"path":"/Users/girijeshthodupunuri/fec/fec-uranus/src/store/curr-item-context.jsx","statementMap":{"0":{"start":{"line":3,"column":20},"end":{"line":3,"column":37}}},"fnMap":{},"branchMap":{},"s":{"0":3},"f":{},"b":{},"_coverageSchema":"1a1c01bbd47fc00a2c39e90264f33305004495a9","hash":"c6b58a8643598343e5c1979f990fb3f76b452413"}
}
