TN:
SF:src/components/ItemsComponent/OutfitItems/OutfitItems.jsx
FN:9,(anonymous_0)
FN:16,(anonymous_1)
FN:27,(anonymous_2)
FN:36,(anonymous_3)
FN:40,(anonymous_4)
FN:48,(anonymous_5)
FN:63,(anonymous_6)
FN:72,(anonymous_7)
FN:79,(anonymous_8)
FN:80,(anonymous_9)
FN:86,(anonymous_10)
FN:98,(anonymous_11)
FN:107,(anonymous_12)
FN:108,(anonymous_13)
FN:117,(anonymous_14)
FN:128,(anonymous_15)
FNF:16
FNH:12
FNDA:18,(anonymous_0)
FNDA:5,(anonymous_1)
FNDA:11,(anonymous_2)
FNDA:11,(anonymous_3)
FNDA:0,(anonymous_4)
FNDA:0,(anonymous_5)
FNDA:0,(anonymous_6)
FNDA:11,(anonymous_7)
FNDA:1,(anonymous_8)
FNDA:0,(anonymous_9)
FNDA:1,(anonymous_10)
FNDA:18,(anonymous_11)
FNDA:10,(anonymous_12)
FNDA:26,(anonymous_13)
FNDA:10,(anonymous_14)
FNDA:10,(anonymous_15)
DA:9,1
DA:10,18
DA:11,18
DA:12,18
DA:13,18
DA:16,18
DA:17,5
DA:18,5
DA:19,1
DA:21,4
DA:22,4
DA:27,18
DA:28,11
DA:34,18
DA:36,18
DA:37,11
DA:40,18
DA:41,0
DA:48,18
DA:50,0
DA:51,0
DA:52,0
DA:54,0
DA:55,0
DA:58,0
DA:59,0
DA:63,18
DA:64,0
DA:65,0
DA:66,0
DA:67,0
DA:72,18
DA:73,11
DA:74,11
DA:75,11
DA:79,18
DA:80,1
DA:81,0
DA:83,1
DA:84,0
DA:86,1
DA:98,18
DA:99,18
DA:107,18
DA:108,10
DA:109,26
DA:117,18
DA:118,10
DA:128,18
DA:129,10
DA:141,18
DA:142,8
DA:153,10
LF:53
LH:39
BRDA:18,0,0,1
BRDA:18,0,1,4
BRDA:21,1,0,4
BRDA:21,1,1,0
BRDA:50,2,0,0
BRDA:50,2,1,0
BRDA:58,3,0,0
BRDA:58,3,1,0
BRDA:66,4,0,0
BRDA:66,4,1,0
BRDA:75,5,0,9
BRDA:75,5,1,2
BRDA:83,6,0,0
BRDA:83,6,1,1
BRDA:118,7,0,10
BRDA:118,7,1,0
BRDA:129,8,0,10
BRDA:129,8,1,0
BRDA:129,8,2,0
BRDA:141,9,0,8
BRDA:141,9,1,10
BRDA:158,10,0,0
BRDA:158,10,1,10
BRDA:158,11,0,10
BRDA:158,11,1,4
BRF:25
BRH:13
end_of_record
TN:
SF:src/components/ItemsComponent/OutfitItems/Card/Card.jsx
FN:9,Card
FN:27,(anonymous_1)
FN:28,(anonymous_2)
FNF:3
FNH:3
FNDA:13,Card
FNDA:1,(anonymous_1)
FNDA:1,(anonymous_2)
DA:10,13
DA:11,13
DA:14,13
DA:15,0
DA:18,13
DA:20,13
DA:22,13
DA:23,0
DA:27,13
DA:28,1
DA:29,1
DA:33,13
DA:51,13
LF:13
LH:11
BRDA:14,0,0,0
BRDA:14,0,1,13
BRDA:22,1,0,0
BRDA:22,1,1,13
BRDA:57,2,0,13
BRDA:57,2,1,0
BRDA:83,3,0,13
BRDA:83,3,1,13
BRDA:107,4,0,13
BRDA:107,4,1,13
BRDA:111,5,0,13
BRDA:111,5,1,0
BRF:12
BRH:8
end_of_record
TN:
SF:src/components/ItemsComponent/RecommendedItems/RecommendedItems.jsx
FN:11,(anonymous_0)
FN:24,(anonymous_1)
FN:25,(anonymous_2)
FN:34,(anonymous_3)
FN:38,(anonymous_4)
FN:46,(anonymous_5)
FN:60,(anonymous_6)
FN:69,(anonymous_7)
FN:74,(anonymous_8)
FN:78,(anonymous_9)
FN:81,(anonymous_10)
FN:104,(anonymous_11)
FN:133,(anonymous_12)
FN:144,(anonymous_13)
FNF:14
FNH:0
FNDA:0,(anonymous_0)
FNDA:0,(anonymous_1)
FNDA:0,(anonymous_2)
FNDA:0,(anonymous_3)
FNDA:0,(anonymous_4)
FNDA:0,(anonymous_5)
FNDA:0,(anonymous_6)
FNDA:0,(anonymous_7)
FNDA:0,(anonymous_8)
FNDA:0,(anonymous_9)
FNDA:0,(anonymous_10)
FNDA:0,(anonymous_11)
FNDA:0,(anonymous_12)
FNDA:0,(anonymous_13)
DA:11,1
DA:12,0
DA:13,0
DA:14,0
DA:15,0
DA:16,0
DA:17,0
DA:19,0
DA:24,0
DA:25,0
DA:26,0
DA:32,0
DA:34,0
DA:35,0
DA:38,0
DA:39,0
DA:46,0
DA:47,0
DA:48,0
DA:51,0
DA:52,0
DA:55,0
DA:56,0
DA:60,0
DA:61,0
DA:62,0
DA:63,0
DA:64,0
DA:65,0
DA:69,0
DA:70,0
DA:74,0
DA:76,0
DA:77,0
DA:79,0
DA:82,0
DA:87,0
DA:88,0
DA:95,0
DA:96,0
DA:104,0
DA:105,0
DA:114,0
DA:115,0
DA:116,0
DA:118,0
DA:119,0
DA:120,0
DA:128,0
DA:133,0
DA:134,0
DA:144,0
DA:145,0
DA:157,0
LF:54
LH:1
BRDA:47,0,0,0
BRDA:47,0,1,0
BRDA:55,1,0,0
BRDA:55,1,1,0
BRDA:64,2,0,0
BRDA:64,2,1,0
BRDA:87,3,0,0
BRDA:87,3,1,0
BRDA:95,4,0,0
BRDA:95,4,1,0
BRDA:95,5,0,0
BRDA:95,5,1,0
BRDA:114,6,0,0
BRDA:114,6,1,0
BRDA:114,7,0,0
BRDA:114,7,1,0
BRDA:115,8,0,0
BRDA:115,8,1,0
BRDA:134,9,0,0
BRDA:134,9,1,0
BRDA:145,10,0,0
BRDA:145,10,1,0
BRDA:145,10,2,0
BRDA:162,11,0,0
BRDA:162,11,1,0
BRDA:162,12,0,0
BRDA:162,12,1,0
BRF:27
BRH:0
end_of_record
TN:
SF:src/components/ItemsComponent/RecommendedItems/Card/Card.jsx
FN:15,Card
FN:24,(anonymous_1)
FN:25,(anonymous_2)
FN:30,(anonymous_3)
FN:32,(anonymous_4)
FN:36,(anonymous_5)
FN:41,(anonymous_6)
FN:42,(anonymous_7)
FN:47,(anonymous_8)
FN:80,(anonymous_9)
FN:89,(anonymous_10)
FNF:11
FNH:8
FNDA:2,Card
FNDA:1,(anonymous_1)
FNDA:1,(anonymous_2)
FNDA:1,(anonymous_3)
FNDA:1,(anonymous_4)
FNDA:0,(anonymous_5)
FNDA:1,(anonymous_6)
FNDA:1,(anonymous_7)
FNDA:5,(anonymous_8)
FNDA:0,(anonymous_9)
FNDA:0,(anonymous_10)
DA:16,2
DA:17,2
DA:18,2
DA:19,2
DA:20,2
DA:22,2
DA:24,2
DA:25,1
DA:26,1
DA:30,2
DA:31,1
DA:33,1
DA:34,1
DA:37,0
DA:41,2
DA:42,1
DA:43,1
DA:44,1
DA:45,1
DA:47,1
DA:48,5
DA:49,5
DA:50,5
DA:51,5
DA:52,5
DA:55,1
DA:57,1
DA:62,2
DA:63,1
DA:66,1
DA:67,1
DA:68,1
DA:70,0
DA:73,1
DA:75,1
DA:76,0
DA:80,1
DA:81,0
DA:82,0
DA:83,0
DA:84,0
DA:85,0
DA:86,0
DA:89,1
DA:90,0
DA:91,0
DA:92,0
DA:96,1
DA:112,1
LF:49
LH:37
BRDA:62,0,0,1
BRDA:62,0,1,1
BRDA:67,1,0,1
BRDA:67,1,1,0
BRDA:75,2,0,0
BRDA:75,2,1,1
BRDA:115,3,0,1
BRDA:115,3,1,0
BRDA:136,4,0,1
BRDA:136,4,1,1
BRDA:155,5,0,1
BRDA:155,5,1,1
BRDA:159,6,0,1
BRDA:159,6,1,0
BRF:14
BRH:10
end_of_record
TN:
SF:src/components/Overview/ImageGallery/ImageGallery.jsx
FN:9,(anonymous_0)
FN:15,(anonymous_1)
FN:26,(anonymous_2)
FN:29,(anonymous_3)
FN:35,(anonymous_4)
FN:48,(anonymous_5)
FN:56,(anonymous_6)
FN:64,(anonymous_7)
FN:72,(anonymous_8)
FN:95,(anonymous_9)
FN:129,(anonymous_10)
FN:136,(anonymous_11)
FNF:12
FNH:10
FNDA:6,(anonymous_0)
FNDA:16,(anonymous_1)
FNDA:6,(anonymous_2)
FNDA:36,(anonymous_3)
FNDA:42,(anonymous_4)
FNDA:1,(anonymous_5)
FNDA:0,(anonymous_6)
FNDA:0,(anonymous_7)
FNDA:1,(anonymous_8)
FNDA:2,(anonymous_9)
FNDA:66,(anonymous_10)
FNDA:132,(anonymous_11)
DA:9,1
DA:10,6
DA:11,6
DA:12,6
DA:15,1
DA:16,16
DA:17,16
DA:18,16
DA:19,16
DA:20,16
DA:21,16
DA:22,16
DA:26,16
DA:27,6
DA:29,6
DA:30,36
DA:32,6
DA:33,6
DA:34,6
DA:35,6
DA:36,42
DA:38,6
DA:39,6
DA:40,6
DA:41,6
DA:48,16
DA:49,1
DA:50,1
DA:51,1
DA:52,1
DA:56,16
DA:57,0
DA:58,0
DA:64,16
DA:65,0
DA:67,0
DA:72,16
DA:73,1
DA:74,1
DA:75,1
DA:76,1
DA:77,1
DA:78,1
DA:79,0
DA:80,0
DA:81,0
DA:82,0
DA:83,0
DA:85,0
DA:90,1
DA:91,1
DA:92,1
DA:95,16
DA:96,2
DA:98,2
DA:99,2
DA:100,2
DA:101,2
DA:102,2
DA:103,0
DA:104,0
DA:105,0
DA:107,0
DA:108,0
DA:113,2
DA:114,2
DA:115,2
DA:121,16
DA:122,10
DA:130,66
DA:136,132
DA:154,6
LF:72
LH:57
BRDA:27,0,0,6
BRDA:27,0,1,0
BRDA:73,1,0,1
BRDA:73,1,1,0
BRDA:78,2,0,0
BRDA:78,2,1,1
BRDA:78,3,0,1
BRDA:78,3,1,1
BRDA:82,4,0,0
BRDA:82,4,1,0
BRDA:96,5,0,2
BRDA:96,5,1,0
BRDA:102,6,0,0
BRDA:102,6,1,2
BRDA:102,7,0,2
BRDA:102,7,1,2
BRDA:107,8,0,0
BRDA:107,8,1,0
BRDA:121,9,0,10
BRDA:121,9,1,6
BRDA:121,10,0,16
BRDA:121,10,1,10
BRDA:124,11,0,0
BRDA:124,11,1,10
BRDA:125,12,0,0
BRDA:125,12,1,10
BRDA:126,13,0,10
BRDA:126,13,1,1
BRDA:141,14,0,10
BRDA:141,14,1,1
BRDA:145,15,0,0
BRDA:145,15,1,10
BRF:32
BRH:20
end_of_record
TN:
SF:src/components/Overview/ImageGallery/dummyData.js
FNF:0
FNH:0
DA:1,1
LF:1
LH:1
BRF:0
BRH:0
end_of_record
TN:
SF:src/components/Overview/ImageGallery/ThumbNailImages/ThumbNailImages.jsx
FN:3,ThumbNailImage
FN:6,(anonymous_1)
FNF:2
FNH:2
FNDA:67,ThumbNailImage
FNDA:2,(anonymous_1)
DA:3,1
DA:4,67
DA:5,67
DA:6,2
DA:16,0
LF:5
LH:4
BRDA:4,0,0,67
BRDA:4,0,1,0
BRDA:6,1,0,11
BRDA:6,1,1,56
BRF:4
BRH:3
end_of_record
TN:
SF:src/components/Overview/ProductOverview/DropDownMenus/QuantitySelectorComponent/QuantityMenu.jsx
FN:4,(anonymous_0)
FN:7,(anonymous_1)
FN:23,(anonymous_2)
FNF:3
FNH:3
FNDA:7,(anonymous_0)
FNDA:3,(anonymous_1)
FNDA:2,(anonymous_2)
DA:4,1
DA:5,7
DA:6,7
DA:7,7
DA:8,3
DA:9,3
DA:10,3
DA:11,3
DA:12,45
DA:16,3
DA:17,3
DA:20,7
DA:21,7
DA:23,2
DA:31,0
LF:15
LH:14
BRDA:8,0,0,3
BRDA:8,0,1,0
BRDA:9,1,0,3
BRDA:9,1,1,0
BRDA:20,2,0,7
BRDA:20,2,1,0
BRF:6
BRH:3
end_of_record
TN:
SF:src/components/Overview/ProductOverview/DropDownMenus/SizeSelectorComponent/SizeMenu.jsx
FN:4,(anonymous_0)
FN:6,(anonymous_1)
FN:13,(anonymous_2)
FN:24,(anonymous_3)
FN:26,(anonymous_4)
FNF:5
FNH:5
FNDA:12,(anonymous_0)
FNDA:6,(anonymous_1)
FNDA:2,(anonymous_2)
FNDA:2,(anonymous_3)
FNDA:24,(anonymous_4)
DA:4,1
DA:5,12
DA:6,12
DA:7,6
DA:9,6
DA:13,12
DA:14,2
DA:15,2
DA:16,6
DA:17,2
DA:22,12
DA:23,8
DA:24,2
DA:27,24
DA:28,24
DA:29,24
DA:30,16
DA:38,4
LF:18
LH:18
BRDA:7,0,0,6
BRDA:7,0,1,0
BRDA:16,1,0,2
BRDA:16,1,1,4
BRDA:22,2,0,8
BRDA:22,2,1,4
BRDA:29,3,0,16
BRDA:29,3,1,8
BRF:8
BRH:7
end_of_record
TN:
SF:src/components/Overview/ProductOverview/ProductStyles/AllStyles.jsx
FN:6,(anonymous_0)
FN:9,(anonymous_1)
FN:13,(anonymous_2)
FN:21,(anonymous_3)
FNF:4
FNH:4
FNDA:8,(anonymous_0)
FNDA:3,(anonymous_1)
FNDA:3,(anonymous_2)
FNDA:24,(anonymous_3)
DA:6,1
DA:7,8
DA:9,8
DA:10,3
DA:13,8
DA:14,3
DA:15,3
DA:16,3
DA:18,8
DA:19,8
DA:22,24
DA:35,0
LF:12
LH:11
BRDA:16,0,0,2
BRDA:16,0,1,1
BRDA:18,1,0,8
BRDA:18,1,1,0
BRF:4
BRH:3
end_of_record
TN:
SF:src/components/Overview/ProductOverview/ProductStyles/IndividualStyleComponent.jsx
FN:4,(anonymous_0)
FN:10,(anonymous_1)
FNF:2
FNH:2
FNDA:18,(anonymous_0)
FNDA:3,(anonymous_1)
DA:4,1
DA:5,18
DA:8,18
DA:9,18
DA:10,3
DA:18,0
LF:6
LH:5
BRDA:8,0,0,18
BRDA:8,0,1,0
BRDA:10,1,0,6
BRDA:10,1,1,12
BRF:4
BRH:3
end_of_record
TN:
SF:src/components/RatingReview/ReviewsListModule/ReviewHelpfulness.jsx
FN:3,(anonymous_0)
FNF:1
FNH:1
FNDA:2,(anonymous_0)
DA:3,1
DA:4,2
LF:2
LH:2
BRF:0
BRH:0
end_of_record
TN:
SF:src/components/Utilities/Stars/Star.jsx
FN:13,(anonymous_0)
FNF:1
FNH:1
FNDA:14,(anonymous_0)
DA:13,2
DA:14,14
DA:15,9
DA:16,9
DA:17,0
DA:23,9
DA:24,2
DA:47,7
DA:48,2
DA:71,5
DA:94,5
LF:11
LH:10
BRDA:14,0,0,9
BRDA:14,0,1,5
BRDA:15,1,0,9
BRDA:15,1,1,0
BRDA:16,2,0,0
BRDA:16,2,1,9
BRDA:23,3,0,2
BRDA:23,3,1,7
BRDA:23,4,0,9
BRDA:23,4,1,2
BRDA:47,5,0,2
BRDA:47,5,1,5
BRDA:47,6,0,7
BRDA:47,6,1,2
BRF:14
BRH:12
end_of_record
TN:
SF:src/components/Utilities/Stars/Stars.jsx
FN:7,(anonymous_0)
FN:9,(anonymous_1)
FNF:2
FNH:2
FNDA:14,(anonymous_0)
FNDA:14,(anonymous_1)
DA:7,2
DA:8,14
DA:9,14
DA:10,14
DA:11,14
DA:12,14
DA:13,14
DA:14,45
DA:20,14
DA:27,14
DA:28,11
DA:37,14
DA:40,14
DA:41,14
DA:43,0
LF:15
LH:14
BRDA:40,0,0,14
BRDA:40,0,1,0
BRF:2
BRH:1
end_of_record
TN:
SF:src/helperFunctions/getReviewMetadata.js
FN:5,(anonymous_0)
FNF:1
FNH:0
FNDA:0,(anonymous_0)
DA:3,2
DA:5,2
DA:6,0
DA:7,0
DA:16,0
DA:18,0
LF:6
LH:2
BRF:0
BRH:0
end_of_record
TN:
SF:src/helperFunctions/App/getProductById.js
FN:4,(anonymous_0)
FNF:1
FNH:1
FNDA:3,(anonymous_0)
DA:3,2
DA:4,2
DA:5,3
DA:6,3
DA:12,2
DA:14,1
LF:6
LH:6
BRF:0
BRH:0
end_of_record
TN:
SF:src/helperFunctions/App/getRandomNumber.js
FN:3,(anonymous_0)
FNF:1
FNH:0
FNDA:0,(anonymous_0)
DA:3,1
DA:4,0
DA:5,0
DA:6,0
LF:4
LH:1
BRF:0
BRH:0
end_of_record
TN:
SF:src/helperFunctions/App/getRelatedItemsById.js
FN:5,(anonymous_0)
FNF:1
FNH:1
FNDA:4,(anonymous_0)
DA:3,1
DA:5,1
DA:6,4
DA:7,4
DA:14,2
DA:15,2
DA:17,2
LF:7
LH:7
BRF:0
BRH:0
end_of_record
TN:
SF:src/helperFunctions/App/getStylesById.js
FN:8,(anonymous_0)
FNF:1
FNH:1
FNDA:1,(anonymous_0)
DA:3,2
DA:8,2
DA:9,1
DA:10,1
DA:15,1
DA:17,0
LF:6
LH:5
BRF:0
BRH:0
end_of_record
TN:
SF:src/store/curr-item-context.jsx
FNF:0
FNH:0
DA:3,3
LF:1
LH:1
BRF:0
BRH:0
end_of_record
